{"D:\\MATKUL SEMESTER 3\\Projek ExplainMyLesson\\ghandur rido 1\\server\\data.ts": {"path":"D:\\MATKUL SEMESTER 3\\Projek ExplainMyLesson\\ghandur rido 1\\server\\data.ts","all":false,"statementMap":{"0":{"start":{"line":1,"column":0},"end":{"line":1,"column":17}},"48":{"start":{"line":49,"column":0},"end":{"line":49,"column":81}},"49":{"start":{"line":50,"column":0},"end":{"line":50,"column":29}},"50":{"start":{"line":51,"column":0},"end":{"line":51,"column":84}},"55":{"start":{"line":56,"column":0},"end":{"line":56,"column":46}},"56":{"start":{"line":57,"column":0},"end":{"line":57,"column":86}},"57":{"start":{"line":58,"column":0},"end":{"line":58,"column":87}},"58":{"start":{"line":59,"column":0},"end":{"line":59,"column":84}},"59":{"start":{"line":60,"column":0},"end":{"line":60,"column":2}},"61":{"start":{"line":62,"column":0},"end":{"line":62,"column":46}},"62":{"start":{"line":63,"column":0},"end":{"line":63,"column":77}},"63":{"start":{"line":64,"column":0},"end":{"line":64,"column":71}},"64":{"start":{"line":65,"column":0},"end":{"line":65,"column":2}},"66":{"start":{"line":67,"column":0},"end":{"line":67,"column":93}},"67":{"start":{"line":68,"column":0},"end":{"line":68,"column":8}},"68":{"start":{"line":69,"column":0},"end":{"line":69,"column":16}},"69":{"start":{"line":70,"column":0},"end":{"line":70,"column":65}},"70":{"start":{"line":71,"column":0},"end":{"line":71,"column":13}},"71":{"start":{"line":72,"column":0},"end":{"line":72,"column":124}},"72":{"start":{"line":73,"column":0},"end":{"line":73,"column":119}},"73":{"start":{"line":74,"column":0},"end":{"line":74,"column":8}},"74":{"start":{"line":75,"column":0},"end":{"line":75,"column":6}},"75":{"start":{"line":76,"column":0},"end":{"line":76,"column":14}},"76":{"start":{"line":77,"column":0},"end":{"line":77,"column":73}},"77":{"start":{"line":78,"column":0},"end":{"line":78,"column":13}},"78":{"start":{"line":79,"column":0},"end":{"line":79,"column":191}},"79":{"start":{"line":80,"column":0},"end":{"line":80,"column":109}},"80":{"start":{"line":81,"column":0},"end":{"line":81,"column":8}},"81":{"start":{"line":82,"column":0},"end":{"line":82,"column":6}},"82":{"start":{"line":83,"column":0},"end":{"line":83,"column":14}},"83":{"start":{"line":84,"column":0},"end":{"line":84,"column":64}},"84":{"start":{"line":85,"column":0},"end":{"line":85,"column":13}},"85":{"start":{"line":86,"column":0},"end":{"line":86,"column":34}},"86":{"start":{"line":87,"column":0},"end":{"line":87,"column":78}},"87":{"start":{"line":88,"column":0},"end":{"line":88,"column":63}},"88":{"start":{"line":89,"column":0},"end":{"line":89,"column":51}},"89":{"start":{"line":90,"column":0},"end":{"line":90,"column":60}},"90":{"start":{"line":91,"column":0},"end":{"line":91,"column":66}},"91":{"start":{"line":92,"column":0},"end":{"line":92,"column":8}},"92":{"start":{"line":93,"column":0},"end":{"line":93,"column":6}},"93":{"start":{"line":94,"column":0},"end":{"line":94,"column":13}},"94":{"start":{"line":95,"column":0},"end":{"line":95,"column":80}},"95":{"start":{"line":96,"column":0},"end":{"line":96,"column":13}},"96":{"start":{"line":97,"column":0},"end":{"line":97,"column":106}},"97":{"start":{"line":98,"column":0},"end":{"line":98,"column":123}},"98":{"start":{"line":99,"column":0},"end":{"line":99,"column":8}},"99":{"start":{"line":100,"column":0},"end":{"line":100,"column":6}},"100":{"start":{"line":101,"column":0},"end":{"line":101,"column":4}},"101":{"start":{"line":102,"column":0},"end":{"line":102,"column":8}},"102":{"start":{"line":103,"column":0},"end":{"line":103,"column":16}},"103":{"start":{"line":104,"column":0},"end":{"line":104,"column":63}},"104":{"start":{"line":105,"column":0},"end":{"line":105,"column":13}},"105":{"start":{"line":106,"column":0},"end":{"line":106,"column":132}},"106":{"start":{"line":107,"column":0},"end":{"line":107,"column":125}},"107":{"start":{"line":108,"column":0},"end":{"line":108,"column":8}},"108":{"start":{"line":109,"column":0},"end":{"line":109,"column":6}},"109":{"start":{"line":110,"column":0},"end":{"line":110,"column":14}},"110":{"start":{"line":111,"column":0},"end":{"line":111,"column":71}},"111":{"start":{"line":112,"column":0},"end":{"line":112,"column":13}},"112":{"start":{"line":113,"column":0},"end":{"line":113,"column":113}},"113":{"start":{"line":114,"column":0},"end":{"line":114,"column":116}},"114":{"start":{"line":115,"column":0},"end":{"line":115,"column":8}},"115":{"start":{"line":116,"column":0},"end":{"line":116,"column":6}},"116":{"start":{"line":117,"column":0},"end":{"line":117,"column":14}},"117":{"start":{"line":118,"column":0},"end":{"line":118,"column":62}},"118":{"start":{"line":119,"column":0},"end":{"line":119,"column":13}},"119":{"start":{"line":120,"column":0},"end":{"line":120,"column":27}},"120":{"start":{"line":121,"column":0},"end":{"line":121,"column":48}},"121":{"start":{"line":122,"column":0},"end":{"line":122,"column":69}},"122":{"start":{"line":123,"column":0},"end":{"line":123,"column":59}},"123":{"start":{"line":124,"column":0},"end":{"line":124,"column":73}},"124":{"start":{"line":125,"column":0},"end":{"line":125,"column":8}},"125":{"start":{"line":126,"column":0},"end":{"line":126,"column":6}},"126":{"start":{"line":127,"column":0},"end":{"line":127,"column":13}},"127":{"start":{"line":128,"column":0},"end":{"line":128,"column":78}},"128":{"start":{"line":129,"column":0},"end":{"line":129,"column":13}},"129":{"start":{"line":130,"column":0},"end":{"line":130,"column":84}},"130":{"start":{"line":131,"column":0},"end":{"line":131,"column":101}},"131":{"start":{"line":132,"column":0},"end":{"line":132,"column":8}},"132":{"start":{"line":133,"column":0},"end":{"line":133,"column":6}},"133":{"start":{"line":134,"column":0},"end":{"line":134,"column":4}},"134":{"start":{"line":135,"column":0},"end":{"line":135,"column":8}},"135":{"start":{"line":136,"column":0},"end":{"line":136,"column":16}},"136":{"start":{"line":137,"column":0},"end":{"line":137,"column":63}},"137":{"start":{"line":138,"column":0},"end":{"line":138,"column":13}},"138":{"start":{"line":139,"column":0},"end":{"line":139,"column":88}},"139":{"start":{"line":140,"column":0},"end":{"line":140,"column":100}},"140":{"start":{"line":141,"column":0},"end":{"line":141,"column":8}},"141":{"start":{"line":142,"column":0},"end":{"line":142,"column":6}},"142":{"start":{"line":143,"column":0},"end":{"line":143,"column":14}},"143":{"start":{"line":144,"column":0},"end":{"line":144,"column":71}},"144":{"start":{"line":145,"column":0},"end":{"line":145,"column":13}},"145":{"start":{"line":146,"column":0},"end":{"line":146,"column":76}},"146":{"start":{"line":147,"column":0},"end":{"line":147,"column":116}},"147":{"start":{"line":148,"column":0},"end":{"line":148,"column":8}},"148":{"start":{"line":149,"column":0},"end":{"line":149,"column":6}},"149":{"start":{"line":150,"column":0},"end":{"line":150,"column":14}},"150":{"start":{"line":151,"column":0},"end":{"line":151,"column":62}},"151":{"start":{"line":152,"column":0},"end":{"line":152,"column":13}},"152":{"start":{"line":153,"column":0},"end":{"line":153,"column":18}},"153":{"start":{"line":154,"column":0},"end":{"line":154,"column":62}},"154":{"start":{"line":155,"column":0},"end":{"line":155,"column":72}},"155":{"start":{"line":156,"column":0},"end":{"line":156,"column":77}},"156":{"start":{"line":157,"column":0},"end":{"line":157,"column":8}},"157":{"start":{"line":158,"column":0},"end":{"line":158,"column":6}},"158":{"start":{"line":159,"column":0},"end":{"line":159,"column":13}},"159":{"start":{"line":160,"column":0},"end":{"line":160,"column":78}},"160":{"start":{"line":161,"column":0},"end":{"line":161,"column":13}},"161":{"start":{"line":162,"column":0},"end":{"line":162,"column":82}},"162":{"start":{"line":163,"column":0},"end":{"line":163,"column":133}},"163":{"start":{"line":164,"column":0},"end":{"line":164,"column":8}},"164":{"start":{"line":165,"column":0},"end":{"line":165,"column":6}},"165":{"start":{"line":166,"column":0},"end":{"line":166,"column":4}},"166":{"start":{"line":167,"column":0},"end":{"line":167,"column":2}},"168":{"start":{"line":169,"column":0},"end":{"line":169,"column":51}},"169":{"start":{"line":170,"column":0},"end":{"line":170,"column":44}},"170":{"start":{"line":171,"column":0},"end":{"line":171,"column":22}},"171":{"start":{"line":172,"column":0},"end":{"line":172,"column":77}},"172":{"start":{"line":173,"column":0},"end":{"line":173,"column":14}},"173":{"start":{"line":174,"column":0},"end":{"line":174,"column":60}},"174":{"start":{"line":175,"column":0},"end":{"line":175,"column":73}},"175":{"start":{"line":176,"column":0},"end":{"line":176,"column":58}},"176":{"start":{"line":177,"column":0},"end":{"line":177,"column":64}},"177":{"start":{"line":178,"column":0},"end":{"line":178,"column":6}},"178":{"start":{"line":179,"column":0},"end":{"line":179,"column":21}},"179":{"start":{"line":180,"column":0},"end":{"line":180,"column":77}},"180":{"start":{"line":181,"column":0},"end":{"line":181,"column":6}},"181":{"start":{"line":182,"column":0},"end":{"line":182,"column":44}},"182":{"start":{"line":183,"column":0},"end":{"line":183,"column":22}},"183":{"start":{"line":184,"column":0},"end":{"line":184,"column":110}},"184":{"start":{"line":185,"column":0},"end":{"line":185,"column":82}},"185":{"start":{"line":186,"column":0},"end":{"line":186,"column":21}},"186":{"start":{"line":187,"column":0},"end":{"line":187,"column":78}},"187":{"start":{"line":188,"column":0},"end":{"line":188,"column":6}},"188":{"start":{"line":189,"column":0},"end":{"line":189,"column":44}},"189":{"start":{"line":190,"column":0},"end":{"line":190,"column":22}},"190":{"start":{"line":191,"column":0},"end":{"line":191,"column":102}},"191":{"start":{"line":192,"column":0},"end":{"line":192,"column":14}},"192":{"start":{"line":193,"column":0},"end":{"line":193,"column":51}},"193":{"start":{"line":194,"column":0},"end":{"line":194,"column":76}},"194":{"start":{"line":195,"column":0},"end":{"line":195,"column":42}},"195":{"start":{"line":196,"column":0},"end":{"line":196,"column":54}},"196":{"start":{"line":197,"column":0},"end":{"line":197,"column":6}},"197":{"start":{"line":198,"column":0},"end":{"line":198,"column":21}},"198":{"start":{"line":199,"column":0},"end":{"line":199,"column":95}},"199":{"start":{"line":200,"column":0},"end":{"line":200,"column":6}},"200":{"start":{"line":201,"column":0},"end":{"line":201,"column":2}},"202":{"start":{"line":203,"column":0},"end":{"line":203,"column":72}},"203":{"start":{"line":204,"column":0},"end":{"line":204,"column":19}},"204":{"start":{"line":205,"column":0},"end":{"line":205,"column":27}},"205":{"start":{"line":206,"column":0},"end":{"line":206,"column":1}},"207":{"start":{"line":208,"column":0},"end":{"line":208,"column":72}},"208":{"start":{"line":209,"column":0},"end":{"line":209,"column":19}},"209":{"start":{"line":210,"column":0},"end":{"line":210,"column":31}},"210":{"start":{"line":211,"column":0},"end":{"line":211,"column":1}},"215":{"start":{"line":216,"column":0},"end":{"line":216,"column":64}},"216":{"start":{"line":217,"column":0},"end":{"line":217,"column":20}},"217":{"start":{"line":218,"column":0},"end":{"line":218,"column":10}},"218":{"start":{"line":219,"column":0},"end":{"line":219,"column":22}},"219":{"start":{"line":220,"column":0},"end":{"line":220,"column":31}},"220":{"start":{"line":221,"column":0},"end":{"line":221,"column":21}},"221":{"start":{"line":222,"column":0},"end":{"line":222,"column":62}},"222":{"start":{"line":223,"column":0},"end":{"line":223,"column":4}},"223":{"start":{"line":224,"column":0},"end":{"line":224,"column":1}},"225":{"start":{"line":226,"column":0},"end":{"line":226,"column":69}},"226":{"start":{"line":227,"column":0},"end":{"line":227,"column":19}},"227":{"start":{"line":228,"column":0},"end":{"line":228,"column":54}},"228":{"start":{"line":229,"column":0},"end":{"line":229,"column":17}},"229":{"start":{"line":230,"column":0},"end":{"line":230,"column":77}},"230":{"start":{"line":231,"column":0},"end":{"line":231,"column":3}},"233":{"start":{"line":234,"column":0},"end":{"line":234,"column":42}},"234":{"start":{"line":235,"column":0},"end":{"line":235,"column":85}},"235":{"start":{"line":236,"column":0},"end":{"line":236,"column":3}},"236":{"start":{"line":237,"column":0},"end":{"line":237,"column":17}},"237":{"start":{"line":238,"column":0},"end":{"line":238,"column":1}},"239":{"start":{"line":240,"column":0},"end":{"line":240,"column":79}},"240":{"start":{"line":241,"column":0},"end":{"line":241,"column":19}},"241":{"start":{"line":242,"column":0},"end":{"line":242,"column":36}},"242":{"start":{"line":243,"column":0},"end":{"line":243,"column":14}},"243":{"start":{"line":244,"column":0},"end":{"line":244,"column":66}},"244":{"start":{"line":245,"column":0},"end":{"line":245,"column":3}},"245":{"start":{"line":246,"column":0},"end":{"line":246,"column":14}},"246":{"start":{"line":247,"column":0},"end":{"line":247,"column":1}},"258":{"start":{"line":259,"column":0},"end":{"line":259,"column":41}},"260":{"start":{"line":261,"column":0},"end":{"line":261,"column":65}},"261":{"start":{"line":262,"column":0},"end":{"line":262,"column":19}},"262":{"start":{"line":263,"column":0},"end":{"line":263,"column":43}},"263":{"start":{"line":264,"column":0},"end":{"line":264,"column":83}},"264":{"start":{"line":265,"column":0},"end":{"line":265,"column":3}},"265":{"start":{"line":266,"column":0},"end":{"line":266,"column":36}},"266":{"start":{"line":267,"column":0},"end":{"line":267,"column":1}},"268":{"start":{"line":269,"column":0},"end":{"line":269,"column":45}},"273":{"start":{"line":274,"column":0},"end":{"line":274,"column":4}},"274":{"start":{"line":275,"column":0},"end":{"line":275,"column":19}},"275":{"start":{"line":276,"column":0},"end":{"line":276,"column":43}},"276":{"start":{"line":277,"column":0},"end":{"line":277,"column":74}},"277":{"start":{"line":278,"column":0},"end":{"line":278,"column":3}},"278":{"start":{"line":279,"column":0},"end":{"line":279,"column":34}},"279":{"start":{"line":280,"column":0},"end":{"line":280,"column":28}},"280":{"start":{"line":281,"column":0},"end":{"line":281,"column":25}},"281":{"start":{"line":282,"column":0},"end":{"line":282,"column":31}},"282":{"start":{"line":283,"column":0},"end":{"line":283,"column":29}},"283":{"start":{"line":284,"column":0},"end":{"line":284,"column":29}},"284":{"start":{"line":285,"column":0},"end":{"line":285,"column":40}},"285":{"start":{"line":286,"column":0},"end":{"line":286,"column":4}},"286":{"start":{"line":287,"column":0},"end":{"line":287,"column":27}},"287":{"start":{"line":288,"column":0},"end":{"line":288,"column":16}},"288":{"start":{"line":289,"column":0},"end":{"line":289,"column":1}},"290":{"start":{"line":291,"column":0},"end":{"line":291,"column":45}},"291":{"start":{"line":292,"column":0},"end":{"line":292,"column":19}},"292":{"start":{"line":293,"column":0},"end":{"line":293,"column":42}},"293":{"start":{"line":294,"column":0},"end":{"line":294,"column":46}},"294":{"start":{"line":295,"column":0},"end":{"line":295,"column":50}},"296":{"start":{"line":297,"column":0},"end":{"line":297,"column":41}},"297":{"start":{"line":298,"column":0},"end":{"line":298,"column":52}},"298":{"start":{"line":299,"column":0},"end":{"line":299,"column":67}},"299":{"start":{"line":300,"column":0},"end":{"line":300,"column":16}},"300":{"start":{"line":301,"column":0},"end":{"line":301,"column":32}},"301":{"start":{"line":302,"column":0},"end":{"line":302,"column":64}},"302":{"start":{"line":303,"column":0},"end":{"line":303,"column":77}},"303":{"start":{"line":304,"column":0},"end":{"line":304,"column":63}},"304":{"start":{"line":305,"column":0},"end":{"line":305,"column":79}},"305":{"start":{"line":306,"column":0},"end":{"line":306,"column":16}},"306":{"start":{"line":307,"column":0},"end":{"line":307,"column":43}},"307":{"start":{"line":308,"column":0},"end":{"line":308,"column":39}},"308":{"start":{"line":309,"column":0},"end":{"line":309,"column":59}},"309":{"start":{"line":310,"column":0},"end":{"line":310,"column":16}},"310":{"start":{"line":311,"column":0},"end":{"line":311,"column":41}},"311":{"start":{"line":312,"column":0},"end":{"line":312,"column":42}},"312":{"start":{"line":313,"column":0},"end":{"line":313,"column":84}},"314":{"start":{"line":315,"column":0},"end":{"line":315,"column":18}},"315":{"start":{"line":316,"column":0},"end":{"line":316,"column":87}},"316":{"start":{"line":317,"column":0},"end":{"line":317,"column":18}},"318":{"start":{"line":319,"column":0},"end":{"line":319,"column":80}},"319":{"start":{"line":320,"column":0},"end":{"line":320,"column":1}},"332":{"start":{"line":333,"column":0},"end":{"line":333,"column":32}},"333":{"start":{"line":334,"column":0},"end":{"line":334,"column":3}},"334":{"start":{"line":335,"column":0},"end":{"line":335,"column":16}},"335":{"start":{"line":336,"column":0},"end":{"line":336,"column":39}},"336":{"start":{"line":337,"column":0},"end":{"line":337,"column":39}},"337":{"start":{"line":338,"column":0},"end":{"line":338,"column":51}},"338":{"start":{"line":339,"column":0},"end":{"line":339,"column":20}},"339":{"start":{"line":340,"column":0},"end":{"line":340,"column":23}},"340":{"start":{"line":341,"column":0},"end":{"line":341,"column":68}},"341":{"start":{"line":342,"column":0},"end":{"line":342,"column":4}},"342":{"start":{"line":343,"column":0},"end":{"line":343,"column":3}},"343":{"start":{"line":344,"column":0},"end":{"line":344,"column":16}},"344":{"start":{"line":345,"column":0},"end":{"line":345,"column":26}},"345":{"start":{"line":346,"column":0},"end":{"line":346,"column":37}},"346":{"start":{"line":347,"column":0},"end":{"line":347,"column":51}},"347":{"start":{"line":348,"column":0},"end":{"line":348,"column":20}},"348":{"start":{"line":349,"column":0},"end":{"line":349,"column":23}},"349":{"start":{"line":350,"column":0},"end":{"line":350,"column":68}},"350":{"start":{"line":351,"column":0},"end":{"line":351,"column":4}},"351":{"start":{"line":352,"column":0},"end":{"line":352,"column":3}},"352":{"start":{"line":353,"column":0},"end":{"line":353,"column":16}},"353":{"start":{"line":354,"column":0},"end":{"line":354,"column":48}},"354":{"start":{"line":355,"column":0},"end":{"line":355,"column":38}},"355":{"start":{"line":356,"column":0},"end":{"line":356,"column":50}},"356":{"start":{"line":357,"column":0},"end":{"line":357,"column":21}},"357":{"start":{"line":358,"column":0},"end":{"line":358,"column":31}},"358":{"start":{"line":359,"column":0},"end":{"line":359,"column":68}},"359":{"start":{"line":360,"column":0},"end":{"line":360,"column":4}},"360":{"start":{"line":361,"column":0},"end":{"line":361,"column":2}},"362":{"start":{"line":363,"column":0},"end":{"line":363,"column":78}},"363":{"start":{"line":364,"column":0},"end":{"line":364,"column":19}},"364":{"start":{"line":365,"column":0},"end":{"line":365,"column":53}},"365":{"start":{"line":366,"column":0},"end":{"line":366,"column":78}},"366":{"start":{"line":367,"column":0},"end":{"line":367,"column":14}},"367":{"start":{"line":368,"column":0},"end":{"line":368,"column":81}},"368":{"start":{"line":369,"column":0},"end":{"line":369,"column":3}},"369":{"start":{"line":370,"column":0},"end":{"line":370,"column":66}},"370":{"start":{"line":371,"column":0},"end":{"line":371,"column":17}},"371":{"start":{"line":372,"column":0},"end":{"line":372,"column":58}},"372":{"start":{"line":373,"column":0},"end":{"line":373,"column":3}},"373":{"start":{"line":374,"column":0},"end":{"line":374,"column":10}},"374":{"start":{"line":375,"column":0},"end":{"line":375,"column":16}},"375":{"start":{"line":376,"column":0},"end":{"line":376,"column":20}},"376":{"start":{"line":377,"column":0},"end":{"line":377,"column":22}},"377":{"start":{"line":378,"column":0},"end":{"line":378,"column":20}},"378":{"start":{"line":379,"column":0},"end":{"line":379,"column":24}},"379":{"start":{"line":380,"column":0},"end":{"line":380,"column":34}},"380":{"start":{"line":381,"column":0},"end":{"line":381,"column":4}},"381":{"start":{"line":382,"column":0},"end":{"line":382,"column":1}},"383":{"start":{"line":384,"column":0},"end":{"line":384,"column":49}},"388":{"start":{"line":389,"column":0},"end":{"line":389,"column":4}},"389":{"start":{"line":390,"column":0},"end":{"line":390,"column":19}},"390":{"start":{"line":391,"column":0},"end":{"line":391,"column":58}},"391":{"start":{"line":392,"column":0},"end":{"line":392,"column":82}},"392":{"start":{"line":393,"column":0},"end":{"line":393,"column":17}},"393":{"start":{"line":394,"column":0},"end":{"line":394,"column":94}},"394":{"start":{"line":395,"column":0},"end":{"line":395,"column":3}},"396":{"start":{"line":397,"column":0},"end":{"line":397,"column":32}},"397":{"start":{"line":398,"column":0},"end":{"line":398,"column":28}},"398":{"start":{"line":399,"column":0},"end":{"line":399,"column":27}},"399":{"start":{"line":400,"column":0},"end":{"line":400,"column":27}},"400":{"start":{"line":401,"column":0},"end":{"line":401,"column":53}},"401":{"start":{"line":402,"column":0},"end":{"line":402,"column":20}},"402":{"start":{"line":403,"column":0},"end":{"line":403,"column":66}},"403":{"start":{"line":404,"column":0},"end":{"line":404,"column":68}},"404":{"start":{"line":405,"column":0},"end":{"line":405,"column":4}},"405":{"start":{"line":406,"column":0},"end":{"line":406,"column":24}},"406":{"start":{"line":407,"column":0},"end":{"line":407,"column":10}},"407":{"start":{"line":408,"column":0},"end":{"line":408,"column":19}},"408":{"start":{"line":409,"column":0},"end":{"line":409,"column":23}},"409":{"start":{"line":410,"column":0},"end":{"line":410,"column":25}},"410":{"start":{"line":411,"column":0},"end":{"line":411,"column":23}},"411":{"start":{"line":412,"column":0},"end":{"line":412,"column":27}},"412":{"start":{"line":413,"column":0},"end":{"line":413,"column":37}},"413":{"start":{"line":414,"column":0},"end":{"line":414,"column":4}},"414":{"start":{"line":415,"column":0},"end":{"line":415,"column":1}},"416":{"start":{"line":417,"column":0},"end":{"line":417,"column":74}},"417":{"start":{"line":418,"column":0},"end":{"line":418,"column":19}},"418":{"start":{"line":419,"column":0},"end":{"line":419,"column":52}},"419":{"start":{"line":420,"column":0},"end":{"line":420,"column":14}},"420":{"start":{"line":421,"column":0},"end":{"line":421,"column":12}},"421":{"start":{"line":422,"column":0},"end":{"line":422,"column":22}},"422":{"start":{"line":423,"column":0},"end":{"line":423,"column":11}},"423":{"start":{"line":424,"column":0},"end":{"line":424,"column":98}},"424":{"start":{"line":425,"column":0},"end":{"line":425,"column":91}},"425":{"start":{"line":426,"column":0},"end":{"line":426,"column":11}},"426":{"start":{"line":427,"column":0},"end":{"line":427,"column":67}},"427":{"start":{"line":428,"column":0},"end":{"line":428,"column":70}},"428":{"start":{"line":429,"column":0},"end":{"line":429,"column":6}},"429":{"start":{"line":430,"column":0},"end":{"line":430,"column":3}},"430":{"start":{"line":431,"column":0},"end":{"line":431,"column":10}},"431":{"start":{"line":432,"column":0},"end":{"line":432,"column":16}},"432":{"start":{"line":433,"column":0},"end":{"line":433,"column":20}},"433":{"start":{"line":434,"column":0},"end":{"line":434,"column":22}},"434":{"start":{"line":435,"column":0},"end":{"line":435,"column":20}},"435":{"start":{"line":436,"column":0},"end":{"line":436,"column":24}},"436":{"start":{"line":437,"column":0},"end":{"line":437,"column":34}},"437":{"start":{"line":438,"column":0},"end":{"line":438,"column":4}},"438":{"start":{"line":439,"column":0},"end":{"line":439,"column":1}},"440":{"start":{"line":441,"column":0},"end":{"line":441,"column":40}},"441":{"start":{"line":442,"column":0},"end":{"line":442,"column":31}},"442":{"start":{"line":443,"column":0},"end":{"line":443,"column":12}},"449":{"start":{"line":450,"column":0},"end":{"line":450,"column":3}},"450":{"start":{"line":451,"column":0},"end":{"line":451,"column":19}},"451":{"start":{"line":452,"column":0},"end":{"line":452,"column":50}},"452":{"start":{"line":453,"column":0},"end":{"line":453,"column":14}},"453":{"start":{"line":454,"column":0},"end":{"line":454,"column":12}},"454":{"start":{"line":455,"column":0},"end":{"line":455,"column":30}},"455":{"start":{"line":456,"column":0},"end":{"line":456,"column":25}},"456":{"start":{"line":457,"column":0},"end":{"line":457,"column":27}},"457":{"start":{"line":458,"column":0},"end":{"line":458,"column":52}},"458":{"start":{"line":459,"column":0},"end":{"line":459,"column":11}},"459":{"start":{"line":460,"column":0},"end":{"line":460,"column":87}},"460":{"start":{"line":461,"column":0},"end":{"line":461,"column":93}},"461":{"start":{"line":462,"column":0},"end":{"line":462,"column":6}},"462":{"start":{"line":463,"column":0},"end":{"line":463,"column":23}},"463":{"start":{"line":464,"column":0},"end":{"line":464,"column":10}},"464":{"start":{"line":465,"column":0},"end":{"line":465,"column":29}},"465":{"start":{"line":466,"column":0},"end":{"line":466,"column":31}},"466":{"start":{"line":467,"column":0},"end":{"line":467,"column":53}},"467":{"start":{"line":468,"column":0},"end":{"line":468,"column":68}},"468":{"start":{"line":469,"column":0},"end":{"line":469,"column":63}},"469":{"start":{"line":470,"column":0},"end":{"line":470,"column":3}},"470":{"start":{"line":471,"column":0},"end":{"line":471,"column":10}},"471":{"start":{"line":472,"column":0},"end":{"line":472,"column":16}},"472":{"start":{"line":473,"column":0},"end":{"line":473,"column":20}},"473":{"start":{"line":474,"column":0},"end":{"line":474,"column":22}},"474":{"start":{"line":475,"column":0},"end":{"line":475,"column":20}},"475":{"start":{"line":476,"column":0},"end":{"line":476,"column":24}},"476":{"start":{"line":477,"column":0},"end":{"line":477,"column":34}},"477":{"start":{"line":478,"column":0},"end":{"line":478,"column":4}},"478":{"start":{"line":479,"column":0},"end":{"line":479,"column":1}},"491":{"start":{"line":492,"column":0},"end":{"line":492,"column":41}},"492":{"start":{"line":493,"column":0},"end":{"line":493,"column":3}},"493":{"start":{"line":494,"column":0},"end":{"line":494,"column":16}},"494":{"start":{"line":495,"column":0},"end":{"line":495,"column":56}},"495":{"start":{"line":496,"column":0},"end":{"line":496,"column":23}},"496":{"start":{"line":497,"column":0},"end":{"line":497,"column":32}},"497":{"start":{"line":498,"column":0},"end":{"line":498,"column":30}},"498":{"start":{"line":499,"column":0},"end":{"line":499,"column":21}},"499":{"start":{"line":500,"column":0},"end":{"line":500,"column":20}},"500":{"start":{"line":501,"column":0},"end":{"line":501,"column":4}},"501":{"start":{"line":502,"column":0},"end":{"line":502,"column":3}},"502":{"start":{"line":503,"column":0},"end":{"line":503,"column":16}},"503":{"start":{"line":504,"column":0},"end":{"line":504,"column":49}},"504":{"start":{"line":505,"column":0},"end":{"line":505,"column":24}},"505":{"start":{"line":506,"column":0},"end":{"line":506,"column":32}},"506":{"start":{"line":507,"column":0},"end":{"line":507,"column":30}},"507":{"start":{"line":508,"column":0},"end":{"line":508,"column":21}},"508":{"start":{"line":509,"column":0},"end":{"line":509,"column":20}},"509":{"start":{"line":510,"column":0},"end":{"line":510,"column":4}},"510":{"start":{"line":511,"column":0},"end":{"line":511,"column":3}},"511":{"start":{"line":512,"column":0},"end":{"line":512,"column":16}},"512":{"start":{"line":513,"column":0},"end":{"line":513,"column":55}},"513":{"start":{"line":514,"column":0},"end":{"line":514,"column":23}},"514":{"start":{"line":515,"column":0},"end":{"line":515,"column":32}},"515":{"start":{"line":516,"column":0},"end":{"line":516,"column":30}},"516":{"start":{"line":517,"column":0},"end":{"line":517,"column":21}},"517":{"start":{"line":518,"column":0},"end":{"line":518,"column":20}},"518":{"start":{"line":519,"column":0},"end":{"line":519,"column":4}},"519":{"start":{"line":520,"column":0},"end":{"line":520,"column":2}},"521":{"start":{"line":522,"column":0},"end":{"line":522,"column":67}},"522":{"start":{"line":523,"column":0},"end":{"line":523,"column":19}},"523":{"start":{"line":524,"column":0},"end":{"line":524,"column":27}},"524":{"start":{"line":525,"column":0},"end":{"line":525,"column":1}},"526":{"start":{"line":527,"column":0},"end":{"line":527,"column":45}},"531":{"start":{"line":532,"column":0},"end":{"line":532,"column":30}},"532":{"start":{"line":533,"column":0},"end":{"line":533,"column":19}},"533":{"start":{"line":534,"column":0},"end":{"line":534,"column":37}},"534":{"start":{"line":535,"column":0},"end":{"line":535,"column":28}},"535":{"start":{"line":536,"column":0},"end":{"line":536,"column":27}},"536":{"start":{"line":537,"column":0},"end":{"line":537,"column":41}},"537":{"start":{"line":538,"column":0},"end":{"line":538,"column":49}},"538":{"start":{"line":539,"column":0},"end":{"line":539,"column":51}},"539":{"start":{"line":540,"column":0},"end":{"line":540,"column":20}},"540":{"start":{"line":541,"column":0},"end":{"line":541,"column":20}},"541":{"start":{"line":542,"column":0},"end":{"line":542,"column":4}},"542":{"start":{"line":543,"column":0},"end":{"line":543,"column":33}},"543":{"start":{"line":544,"column":0},"end":{"line":544,"column":18}},"544":{"start":{"line":545,"column":0},"end":{"line":545,"column":1}},"546":{"start":{"line":547,"column":0},"end":{"line":547,"column":69}},"547":{"start":{"line":548,"column":0},"end":{"line":548,"column":19}},"548":{"start":{"line":549,"column":0},"end":{"line":549,"column":57}},"549":{"start":{"line":550,"column":0},"end":{"line":550,"column":31}},"550":{"start":{"line":551,"column":0},"end":{"line":551,"column":30}},"551":{"start":{"line":552,"column":0},"end":{"line":552,"column":14}},"552":{"start":{"line":553,"column":0},"end":{"line":553,"column":1}},"565":{"start":{"line":566,"column":0},"end":{"line":566,"column":47}},"566":{"start":{"line":567,"column":0},"end":{"line":567,"column":3}},"567":{"start":{"line":568,"column":0},"end":{"line":568,"column":18}},"568":{"start":{"line":569,"column":0},"end":{"line":569,"column":41}},"569":{"start":{"line":570,"column":0},"end":{"line":570,"column":12}},"570":{"start":{"line":571,"column":0},"end":{"line":571,"column":100}},"571":{"start":{"line":572,"column":0},"end":{"line":572,"column":20}},"572":{"start":{"line":573,"column":0},"end":{"line":573,"column":56}},"573":{"start":{"line":574,"column":0},"end":{"line":574,"column":18}},"574":{"start":{"line":575,"column":0},"end":{"line":575,"column":27}},"575":{"start":{"line":576,"column":0},"end":{"line":576,"column":4}},"576":{"start":{"line":577,"column":0},"end":{"line":577,"column":3}},"577":{"start":{"line":578,"column":0},"end":{"line":578,"column":18}},"578":{"start":{"line":579,"column":0},"end":{"line":579,"column":31}},"579":{"start":{"line":580,"column":0},"end":{"line":580,"column":90}},"580":{"start":{"line":581,"column":0},"end":{"line":581,"column":17}},"581":{"start":{"line":582,"column":0},"end":{"line":582,"column":56}},"582":{"start":{"line":583,"column":0},"end":{"line":583,"column":18}},"583":{"start":{"line":584,"column":0},"end":{"line":584,"column":28}},"584":{"start":{"line":585,"column":0},"end":{"line":585,"column":4}},"585":{"start":{"line":586,"column":0},"end":{"line":586,"column":3}},"586":{"start":{"line":587,"column":0},"end":{"line":587,"column":18}},"587":{"start":{"line":588,"column":0},"end":{"line":588,"column":37}},"588":{"start":{"line":589,"column":0},"end":{"line":589,"column":94}},"589":{"start":{"line":590,"column":0},"end":{"line":590,"column":20}},"590":{"start":{"line":591,"column":0},"end":{"line":591,"column":36}},"591":{"start":{"line":592,"column":0},"end":{"line":592,"column":17}},"592":{"start":{"line":593,"column":0},"end":{"line":593,"column":25}},"593":{"start":{"line":594,"column":0},"end":{"line":594,"column":4}},"594":{"start":{"line":595,"column":0},"end":{"line":595,"column":2}},"596":{"start":{"line":597,"column":0},"end":{"line":597,"column":73}},"597":{"start":{"line":598,"column":0},"end":{"line":598,"column":19}},"598":{"start":{"line":599,"column":0},"end":{"line":599,"column":30}},"599":{"start":{"line":600,"column":0},"end":{"line":600,"column":1}},"601":{"start":{"line":602,"column":0},"end":{"line":602,"column":76}},"602":{"start":{"line":603,"column":0},"end":{"line":603,"column":19}},"603":{"start":{"line":604,"column":0},"end":{"line":604,"column":57}},"604":{"start":{"line":605,"column":0},"end":{"line":605,"column":27}},"605":{"start":{"line":606,"column":0},"end":{"line":606,"column":22}},"606":{"start":{"line":607,"column":0},"end":{"line":607,"column":14}},"607":{"start":{"line":608,"column":0},"end":{"line":608,"column":1}},"610":{"start":{"line":611,"column":0},"end":{"line":611,"column":94}},"611":{"start":{"line":612,"column":0},"end":{"line":612,"column":19}},"612":{"start":{"line":613,"column":0},"end":{"line":613,"column":42}},"613":{"start":{"line":614,"column":0},"end":{"line":614,"column":46}},"614":{"start":{"line":615,"column":0},"end":{"line":615,"column":50}},"615":{"start":{"line":616,"column":0},"end":{"line":616,"column":58}},"616":{"start":{"line":617,"column":0},"end":{"line":617,"column":20}},"617":{"start":{"line":618,"column":0},"end":{"line":618,"column":20}},"618":{"start":{"line":619,"column":0},"end":{"line":619,"column":18}},"619":{"start":{"line":620,"column":0},"end":{"line":620,"column":19}},"620":{"start":{"line":621,"column":0},"end":{"line":621,"column":5}},"622":{"start":{"line":623,"column":0},"end":{"line":623,"column":31}},"729":{"start":{"line":730,"column":0},"end":{"line":730,"column":25}},"746":{"start":{"line":747,"column":0},"end":{"line":747,"column":68}},"752":{"start":{"line":753,"column":0},"end":{"line":753,"column":66}},"758":{"start":{"line":759,"column":0},"end":{"line":759,"column":71}},"764":{"start":{"line":765,"column":0},"end":{"line":765,"column":82}},"782":{"start":{"line":783,"column":0},"end":{"line":783,"column":16}},"783":{"start":{"line":784,"column":0},"end":{"line":784,"column":13}},"784":{"start":{"line":785,"column":0},"end":{"line":785,"column":21}},"786":{"start":{"line":787,"column":0},"end":{"line":787,"column":55}},"787":{"start":{"line":788,"column":0},"end":{"line":788,"column":28}},"788":{"start":{"line":789,"column":0},"end":{"line":789,"column":49}},"789":{"start":{"line":790,"column":0},"end":{"line":790,"column":136}},"791":{"start":{"line":792,"column":0},"end":{"line":792,"column":9}},"792":{"start":{"line":793,"column":0},"end":{"line":793,"column":18}},"808":{"start":{"line":809,"column":0},"end":{"line":809,"column":16}},"809":{"start":{"line":810,"column":0},"end":{"line":810,"column":13}},"810":{"start":{"line":811,"column":0},"end":{"line":811,"column":21}},"812":{"start":{"line":813,"column":0},"end":{"line":813,"column":55}},"813":{"start":{"line":814,"column":0},"end":{"line":814,"column":45}},"814":{"start":{"line":815,"column":0},"end":{"line":815,"column":31}},"815":{"start":{"line":816,"column":0},"end":{"line":816,"column":85}},"818":{"start":{"line":819,"column":0},"end":{"line":819,"column":9}},"819":{"start":{"line":820,"column":0},"end":{"line":820,"column":18}},"830":{"start":{"line":831,"column":0},"end":{"line":831,"column":52}},"838":{"start":{"line":839,"column":0},"end":{"line":839,"column":10}},"839":{"start":{"line":840,"column":0},"end":{"line":840,"column":69}},"840":{"start":{"line":841,"column":0},"end":{"line":841,"column":18}},"841":{"start":{"line":842,"column":0},"end":{"line":842,"column":4}},"842":{"start":{"line":843,"column":0},"end":{"line":843,"column":1}}},"s":{"0":1,"48":1,"49":1,"50":64,"55":1,"56":1,"57":1,"58":1,"59":1,"61":1,"62":1,"63":1,"64":1,"66":1,"67":1,"68":1,"69":1,"70":1,"71":1,"72":1,"73":1,"74":1,"75":1,"76":1,"77":1,"78":1,"79":1,"80":1,"81":1,"82":1,"83":1,"84":1,"85":1,"86":1,"87":1,"88":1,"89":1,"90":1,"91":1,"92":1,"93":1,"94":1,"95":1,"96":1,"97":1,"98":1,"99":1,"100":1,"101":1,"102":1,"103":1,"104":1,"105":1,"106":1,"107":1,"108":1,"109":1,"110":1,"111":1,"112":1,"113":1,"114":1,"115":1,"116":1,"117":1,"118":1,"119":1,"120":1,"121":1,"122":1,"123":1,"124":1,"125":1,"126":1,"127":1,"128":1,"129":1,"130":1,"131":1,"132":1,"133":1,"134":1,"135":1,"136":1,"137":1,"138":1,"139":1,"140":1,"141":1,"142":1,"143":1,"144":1,"145":1,"146":1,"147":1,"148":1,"149":1,"150":1,"151":1,"152":1,"153":1,"154":1,"155":1,"156":1,"157":1,"158":1,"159":1,"160":1,"161":1,"162":1,"163":1,"164":1,"165":1,"166":1,"168":1,"169":1,"170":30,"171":30,"172":30,"173":30,"174":30,"175":30,"176":30,"177":30,"178":30,"179":30,"180":1,"181":1,"182":30,"183":30,"184":30,"185":30,"186":30,"187":1,"188":1,"189":30,"190":30,"191":30,"192":30,"193":30,"194":30,"195":30,"196":30,"197":30,"198":30,"199":1,"200":1,"202":7,"203":7,"204":7,"205":7,"207":6,"208":6,"209":6,"210":6,"215":6,"216":6,"217":6,"218":6,"219":6,"220":6,"221":6,"222":6,"223":6,"225":7,"226":7,"227":7,"228":7,"229":0,"230":0,"233":7,"234":0,"235":0,"236":7,"237":7,"239":8,"240":8,"241":8,"242":8,"243":1,"244":1,"245":7,"246":7,"258":1,"260":1,"261":1,"262":1,"263":0,"264":0,"265":1,"266":1,"268":3,"273":3,"274":3,"275":3,"276":0,"277":0,"278":3,"279":3,"280":3,"281":3,"282":3,"283":3,"284":3,"285":3,"286":3,"287":3,"288":3,"290":2,"291":2,"292":2,"293":2,"294":2,"296":2,"297":2,"298":2,"299":2,"300":2,"301":2,"302":2,"303":2,"304":2,"305":2,"306":2,"307":2,"308":2,"309":2,"310":2,"311":2,"312":2,"314":2,"315":2,"316":2,"318":2,"319":2,"332":1,"333":1,"334":1,"335":1,"336":1,"337":1,"338":1,"339":1,"340":1,"341":1,"342":1,"343":1,"344":1,"345":1,"346":1,"347":1,"348":1,"349":1,"350":1,"351":1,"352":1,"353":1,"354":1,"355":1,"356":1,"357":1,"358":1,"359":1,"360":1,"362":9,"363":9,"364":9,"365":9,"366":9,"367":3,"368":3,"369":6,"370":9,"371":3,"372":3,"373":3,"374":3,"375":3,"376":3,"377":3,"378":3,"379":3,"380":3,"381":3,"383":5,"388":5,"389":5,"390":5,"391":5,"392":5,"393":3,"394":3,"396":2,"397":2,"398":2,"399":2,"400":2,"401":2,"402":5,"403":5,"404":5,"405":5,"406":5,"407":5,"408":5,"409":5,"410":5,"411":5,"412":5,"413":5,"414":5,"416":1,"417":1,"418":1,"419":1,"420":0,"421":0,"422":0,"423":0,"424":0,"425":0,"426":0,"427":0,"428":0,"429":0,"430":1,"431":1,"432":1,"433":1,"434":1,"435":1,"436":1,"437":1,"438":1,"440":1,"441":1,"442":1,"449":1,"450":1,"451":1,"452":1,"453":0,"454":0,"455":0,"456":0,"457":0,"458":0,"459":0,"460":0,"461":0,"462":0,"463":1,"464":1,"465":1,"466":1,"467":1,"468":1,"469":1,"470":1,"471":1,"472":1,"473":1,"474":1,"475":1,"476":1,"477":1,"478":1,"491":1,"492":1,"493":1,"494":1,"495":1,"496":1,"497":1,"498":1,"499":1,"500":1,"501":1,"502":1,"503":1,"504":1,"505":1,"506":1,"507":1,"508":1,"509":1,"510":1,"511":1,"512":1,"513":1,"514":1,"515":1,"516":1,"517":1,"518":1,"519":1,"521":1,"522":1,"523":1,"524":1,"526":1,"531":1,"532":1,"533":1,"534":1,"535":1,"536":1,"537":1,"538":1,"539":1,"540":1,"541":1,"542":1,"543":1,"544":1,"546":2,"547":2,"548":2,"549":2,"550":1,"551":1,"552":1,"565":1,"566":1,"567":1,"568":1,"569":1,"570":1,"571":1,"572":1,"573":1,"574":1,"575":1,"576":1,"577":1,"578":1,"579":1,"580":1,"581":1,"582":1,"583":1,"584":1,"585":1,"586":1,"587":1,"588":1,"589":1,"590":1,"591":1,"592":1,"593":1,"594":1,"596":1,"597":1,"598":1,"599":1,"601":1,"602":1,"603":1,"604":1,"605":1,"606":1,"607":1,"610":2,"611":2,"612":2,"613":2,"614":2,"615":2,"616":2,"617":2,"618":2,"619":2,"620":2,"622":2,"729":2,"746":2,"752":2,"758":2,"764":2,"782":2,"783":2,"784":2,"786":6,"787":6,"788":6,"789":6,"791":2,"792":2,"808":2,"809":2,"810":2,"812":4,"813":4,"814":4,"815":4,"818":2,"819":2,"830":2,"838":2,"839":2,"840":2,"841":2,"842":2},"branchMap":{"0":{"type":"branch","line":49,"loc":{"start":{"line":49,"column":43},"end":{"line":49,"column":81}},"locations":[{"start":{"line":49,"column":43},"end":{"line":49,"column":81}}]},"1":{"type":"branch","line":50,"loc":{"start":{"line":50,"column":14},"end":{"line":51,"column":84}},"locations":[{"start":{"line":50,"column":14},"end":{"line":51,"column":84}}]},"2":{"type":"branch","line":51,"loc":{"start":{"line":51,"column":30},"end":{"line":51,"column":84}},"locations":[{"start":{"line":51,"column":30},"end":{"line":51,"column":84}}]},"3":{"type":"branch","line":170,"loc":{"start":{"line":170,"column":32},"end":{"line":181,"column":4}},"locations":[{"start":{"line":170,"column":32},"end":{"line":181,"column":4}}]},"4":{"type":"branch","line":182,"loc":{"start":{"line":182,"column":32},"end":{"line":188,"column":4}},"locations":[{"start":{"line":182,"column":32},"end":{"line":188,"column":4}}]},"5":{"type":"branch","line":189,"loc":{"start":{"line":189,"column":32},"end":{"line":200,"column":4}},"locations":[{"start":{"line":189,"column":32},"end":{"line":200,"column":4}}]},"6":{"type":"branch","line":203,"loc":{"start":{"line":203,"column":0},"end":{"line":206,"column":1}},"locations":[{"start":{"line":203,"column":0},"end":{"line":206,"column":1}}]},"7":{"type":"branch","line":208,"loc":{"start":{"line":208,"column":0},"end":{"line":211,"column":1}},"locations":[{"start":{"line":208,"column":0},"end":{"line":211,"column":1}}]},"8":{"type":"branch","line":216,"loc":{"start":{"line":216,"column":0},"end":{"line":224,"column":1}},"locations":[{"start":{"line":216,"column":0},"end":{"line":224,"column":1}}]},"9":{"type":"branch","line":226,"loc":{"start":{"line":226,"column":0},"end":{"line":238,"column":1}},"locations":[{"start":{"line":226,"column":0},"end":{"line":238,"column":1}}]},"10":{"type":"branch","line":229,"loc":{"start":{"line":229,"column":16},"end":{"line":231,"column":3}},"locations":[{"start":{"line":229,"column":16},"end":{"line":231,"column":3}}]},"11":{"type":"branch","line":234,"loc":{"start":{"line":234,"column":7},"end":{"line":234,"column":41}},"locations":[{"start":{"line":234,"column":7},"end":{"line":234,"column":41}}]},"12":{"type":"branch","line":234,"loc":{"start":{"line":234,"column":41},"end":{"line":236,"column":3}},"locations":[{"start":{"line":234,"column":41},"end":{"line":236,"column":3}}]},"13":{"type":"branch","line":240,"loc":{"start":{"line":240,"column":0},"end":{"line":247,"column":1}},"locations":[{"start":{"line":240,"column":0},"end":{"line":247,"column":1}}]},"14":{"type":"branch","line":243,"loc":{"start":{"line":243,"column":13},"end":{"line":245,"column":3}},"locations":[{"start":{"line":243,"column":13},"end":{"line":245,"column":3}}]},"15":{"type":"branch","line":245,"loc":{"start":{"line":245,"column":2},"end":{"line":247,"column":1}},"locations":[{"start":{"line":245,"column":2},"end":{"line":247,"column":1}}]},"16":{"type":"branch","line":261,"loc":{"start":{"line":261,"column":0},"end":{"line":267,"column":1}},"locations":[{"start":{"line":261,"column":0},"end":{"line":267,"column":1}}]},"17":{"type":"branch","line":263,"loc":{"start":{"line":263,"column":7},"end":{"line":263,"column":42}},"locations":[{"start":{"line":263,"column":7},"end":{"line":263,"column":42}}]},"18":{"type":"branch","line":263,"loc":{"start":{"line":263,"column":42},"end":{"line":265,"column":3}},"locations":[{"start":{"line":263,"column":42},"end":{"line":265,"column":3}}]},"19":{"type":"branch","line":269,"loc":{"start":{"line":269,"column":0},"end":{"line":289,"column":1}},"locations":[{"start":{"line":269,"column":0},"end":{"line":289,"column":1}}]},"20":{"type":"branch","line":276,"loc":{"start":{"line":276,"column":7},"end":{"line":276,"column":42}},"locations":[{"start":{"line":276,"column":7},"end":{"line":276,"column":42}}]},"21":{"type":"branch","line":276,"loc":{"start":{"line":276,"column":42},"end":{"line":278,"column":3}},"locations":[{"start":{"line":276,"column":42},"end":{"line":278,"column":3}}]},"22":{"type":"branch","line":291,"loc":{"start":{"line":291,"column":0},"end":{"line":320,"column":1}},"locations":[{"start":{"line":291,"column":0},"end":{"line":320,"column":1}}]},"23":{"type":"branch","line":309,"loc":{"start":{"line":309,"column":28},"end":{"line":309,"column":59}},"locations":[{"start":{"line":309,"column":28},"end":{"line":309,"column":59}}]},"24":{"type":"branch","line":313,"loc":{"start":{"line":313,"column":28},"end":{"line":313,"column":84}},"locations":[{"start":{"line":313,"column":28},"end":{"line":313,"column":84}}]},"25":{"type":"branch","line":316,"loc":{"start":{"line":316,"column":9},"end":{"line":316,"column":86}},"locations":[{"start":{"line":316,"column":9},"end":{"line":316,"column":86}}]},"26":{"type":"branch","line":316,"loc":{"start":{"line":316,"column":26},"end":{"line":316,"column":75}},"locations":[{"start":{"line":316,"column":26},"end":{"line":316,"column":75}}]},"27":{"type":"branch","line":363,"loc":{"start":{"line":363,"column":0},"end":{"line":382,"column":1}},"locations":[{"start":{"line":363,"column":0},"end":{"line":382,"column":1}}]},"28":{"type":"branch","line":367,"loc":{"start":{"line":367,"column":13},"end":{"line":369,"column":3}},"locations":[{"start":{"line":367,"column":13},"end":{"line":369,"column":3}}]},"29":{"type":"branch","line":369,"loc":{"start":{"line":369,"column":2},"end":{"line":371,"column":16}},"locations":[{"start":{"line":369,"column":2},"end":{"line":371,"column":16}}]},"30":{"type":"branch","line":371,"loc":{"start":{"line":371,"column":16},"end":{"line":382,"column":1}},"locations":[{"start":{"line":371,"column":16},"end":{"line":382,"column":1}}]},"31":{"type":"branch","line":366,"loc":{"start":{"line":366,"column":28},"end":{"line":366,"column":76}},"locations":[{"start":{"line":366,"column":28},"end":{"line":366,"column":76}}]},"32":{"type":"branch","line":384,"loc":{"start":{"line":384,"column":0},"end":{"line":415,"column":1}},"locations":[{"start":{"line":384,"column":0},"end":{"line":415,"column":1}}]},"33":{"type":"branch","line":393,"loc":{"start":{"line":393,"column":16},"end":{"line":403,"column":51}},"locations":[{"start":{"line":393,"column":16},"end":{"line":403,"column":51}}]},"34":{"type":"branch","line":395,"loc":{"start":{"line":395,"column":2},"end":{"line":403,"column":51}},"locations":[{"start":{"line":395,"column":2},"end":{"line":403,"column":51}}]},"35":{"type":"branch","line":403,"loc":{"start":{"line":403,"column":38},"end":{"line":403,"column":66}},"locations":[{"start":{"line":403,"column":38},"end":{"line":403,"column":66}}]},"36":{"type":"branch","line":392,"loc":{"start":{"line":392,"column":32},"end":{"line":392,"column":80}},"locations":[{"start":{"line":392,"column":32},"end":{"line":392,"column":80}}]},"37":{"type":"branch","line":417,"loc":{"start":{"line":417,"column":0},"end":{"line":439,"column":1}},"locations":[{"start":{"line":417,"column":0},"end":{"line":439,"column":1}}]},"38":{"type":"branch","line":420,"loc":{"start":{"line":420,"column":13},"end":{"line":430,"column":3}},"locations":[{"start":{"line":420,"column":13},"end":{"line":430,"column":3}}]},"39":{"type":"branch","line":419,"loc":{"start":{"line":419,"column":28},"end":{"line":419,"column":50}},"locations":[{"start":{"line":419,"column":28},"end":{"line":419,"column":50}}]},"40":{"type":"branch","line":441,"loc":{"start":{"line":441,"column":0},"end":{"line":479,"column":1}},"locations":[{"start":{"line":441,"column":0},"end":{"line":479,"column":1}}]},"41":{"type":"branch","line":453,"loc":{"start":{"line":453,"column":13},"end":{"line":464,"column":9}},"locations":[{"start":{"line":453,"column":13},"end":{"line":464,"column":9}}]},"42":{"type":"branch","line":467,"loc":{"start":{"line":467,"column":24},"end":{"line":467,"column":53}},"locations":[{"start":{"line":467,"column":24},"end":{"line":467,"column":53}}]},"43":{"type":"branch","line":468,"loc":{"start":{"line":468,"column":29},"end":{"line":468,"column":68}},"locations":[{"start":{"line":468,"column":29},"end":{"line":468,"column":68}}]},"44":{"type":"branch","line":469,"loc":{"start":{"line":469,"column":26},"end":{"line":469,"column":63}},"locations":[{"start":{"line":469,"column":26},"end":{"line":469,"column":63}}]},"45":{"type":"branch","line":452,"loc":{"start":{"line":452,"column":26},"end":{"line":452,"column":48}},"locations":[{"start":{"line":452,"column":26},"end":{"line":452,"column":48}}]},"46":{"type":"branch","line":522,"loc":{"start":{"line":522,"column":0},"end":{"line":525,"column":1}},"locations":[{"start":{"line":522,"column":0},"end":{"line":525,"column":1}}]},"47":{"type":"branch","line":527,"loc":{"start":{"line":527,"column":0},"end":{"line":545,"column":1}},"locations":[{"start":{"line":527,"column":0},"end":{"line":545,"column":1}}]},"48":{"type":"branch","line":538,"loc":{"start":{"line":538,"column":19},"end":{"line":538,"column":49}},"locations":[{"start":{"line":538,"column":19},"end":{"line":538,"column":49}}]},"49":{"type":"branch","line":539,"loc":{"start":{"line":539,"column":23},"end":{"line":539,"column":51}},"locations":[{"start":{"line":539,"column":23},"end":{"line":539,"column":51}}]},"50":{"type":"branch","line":547,"loc":{"start":{"line":547,"column":0},"end":{"line":553,"column":1}},"locations":[{"start":{"line":547,"column":0},"end":{"line":553,"column":1}}]},"51":{"type":"branch","line":550,"loc":{"start":{"line":550,"column":18},"end":{"line":553,"column":1}},"locations":[{"start":{"line":550,"column":18},"end":{"line":553,"column":1}}]},"52":{"type":"branch","line":549,"loc":{"start":{"line":549,"column":37},"end":{"line":549,"column":55}},"locations":[{"start":{"line":549,"column":37},"end":{"line":549,"column":55}}]},"53":{"type":"branch","line":597,"loc":{"start":{"line":597,"column":0},"end":{"line":600,"column":1}},"locations":[{"start":{"line":597,"column":0},"end":{"line":600,"column":1}}]},"54":{"type":"branch","line":602,"loc":{"start":{"line":602,"column":0},"end":{"line":608,"column":1}},"locations":[{"start":{"line":602,"column":0},"end":{"line":608,"column":1}}]},"55":{"type":"branch","line":605,"loc":{"start":{"line":605,"column":14},"end":{"line":605,"column":27}},"locations":[{"start":{"line":605,"column":14},"end":{"line":605,"column":27}}]},"56":{"type":"branch","line":604,"loc":{"start":{"line":604,"column":37},"end":{"line":604,"column":55}},"locations":[{"start":{"line":604,"column":37},"end":{"line":604,"column":55}}]},"57":{"type":"branch","line":611,"loc":{"start":{"line":611,"column":0},"end":{"line":843,"column":1}},"locations":[{"start":{"line":611,"column":0},"end":{"line":843,"column":1}}]},"58":{"type":"branch","line":785,"loc":{"start":{"line":785,"column":10},"end":{"line":790,"column":136}},"locations":[{"start":{"line":785,"column":10},"end":{"line":790,"column":136}}]},"59":{"type":"branch","line":790,"loc":{"start":{"line":790,"column":29},"end":{"line":790,"column":82}},"locations":[{"start":{"line":790,"column":29},"end":{"line":790,"column":82}}]},"60":{"type":"branch","line":790,"loc":{"start":{"line":790,"column":34},"end":{"line":790,"column":130}},"locations":[{"start":{"line":790,"column":34},"end":{"line":790,"column":130}}]},"61":{"type":"branch","line":811,"loc":{"start":{"line":811,"column":10},"end":{"line":816,"column":85}},"locations":[{"start":{"line":811,"column":10},"end":{"line":816,"column":85}}]}},"b":{"0":[0],"1":[64],"2":[0],"3":[30],"4":[30],"5":[30],"6":[7],"7":[6],"8":[6],"9":[7],"10":[0],"11":[0],"12":[0],"13":[8],"14":[1],"15":[7],"16":[1],"17":[0],"18":[0],"19":[3],"20":[0],"21":[0],"22":[2],"23":[6],"24":[4],"25":[38],"26":[62],"27":[9],"28":[3],"29":[6],"30":[3],"31":[23],"32":[5],"33":[3],"34":[2],"35":[0],"36":[12],"37":[1],"38":[0],"39":[3],"40":[1],"41":[0],"42":[0],"43":[0],"44":[0],"45":[1],"46":[1],"47":[1],"48":[0],"49":[0],"50":[2],"51":[1],"52":[4],"53":[1],"54":[1],"55":[0],"56":[1],"57":[2],"58":[6],"59":[4],"60":[2],"61":[4]},"fnMap":{"0":{"name":"delay","decl":{"start":{"line":50,"column":14},"end":{"line":51,"column":84}},"loc":{"start":{"line":50,"column":14},"end":{"line":51,"column":84}},"line":50},"1":{"name":"getChapterProgress","decl":{"start":{"line":203,"column":0},"end":{"line":206,"column":1}},"loc":{"start":{"line":203,"column":0},"end":{"line":206,"column":1}},"line":203},"2":{"name":"getStudentsNeedingHelp","decl":{"start":{"line":208,"column":0},"end":{"line":211,"column":1}},"loc":{"start":{"line":208,"column":0},"end":{"line":211,"column":1}},"line":208},"3":{"name":"getClassSummary","decl":{"start":{"line":216,"column":0},"end":{"line":224,"column":1}},"loc":{"start":{"line":216,"column":0},"end":{"line":224,"column":1}},"line":216},"4":{"name":"getAiContent","decl":{"start":{"line":226,"column":0},"end":{"line":238,"column":1}},"loc":{"start":{"line":226,"column":0},"end":{"line":238,"column":1}},"line":226},"5":{"name":"getQuestionsByLevel","decl":{"start":{"line":240,"column":0},"end":{"line":247,"column":1}},"loc":{"start":{"line":240,"column":0},"end":{"line":247,"column":1}},"line":240},"6":{"name":"getMaterials","decl":{"start":{"line":261,"column":0},"end":{"line":267,"column":1}},"loc":{"start":{"line":261,"column":0},"end":{"line":267,"column":1}},"line":261},"7":{"name":"saveMaterial","decl":{"start":{"line":269,"column":0},"end":{"line":289,"column":1}},"loc":{"start":{"line":269,"column":0},"end":{"line":289,"column":1}},"line":269},"8":{"name":"buildClassReportCsv","decl":{"start":{"line":291,"column":0},"end":{"line":320,"column":1}},"loc":{"start":{"line":291,"column":0},"end":{"line":320,"column":1}},"line":291},"9":{"name":"verifyUserCredentials","decl":{"start":{"line":363,"column":0},"end":{"line":382,"column":1}},"loc":{"start":{"line":363,"column":0},"end":{"line":382,"column":1}},"line":363},"10":{"name":"registerUserAccount","decl":{"start":{"line":384,"column":0},"end":{"line":415,"column":1}},"loc":{"start":{"line":384,"column":0},"end":{"line":415,"column":1}},"line":384},"11":{"name":"getUserProfileByRole","decl":{"start":{"line":417,"column":0},"end":{"line":439,"column":1}},"loc":{"start":{"line":417,"column":0},"end":{"line":439,"column":1}},"line":417},"12":{"name":"updateUserProfile","decl":{"start":{"line":441,"column":0},"end":{"line":479,"column":1}},"loc":{"start":{"line":441,"column":0},"end":{"line":479,"column":1}},"line":441},"13":{"name":"getClassRooms","decl":{"start":{"line":522,"column":0},"end":{"line":525,"column":1}},"loc":{"start":{"line":522,"column":0},"end":{"line":525,"column":1}},"line":522},"14":{"name":"createClassRoom","decl":{"start":{"line":527,"column":0},"end":{"line":545,"column":1}},"loc":{"start":{"line":527,"column":0},"end":{"line":545,"column":1}},"line":527},"15":{"name":"deleteClassRoom","decl":{"start":{"line":547,"column":0},"end":{"line":553,"column":1}},"loc":{"start":{"line":547,"column":0},"end":{"line":553,"column":1}},"line":547},"16":{"name":"getNotifications","decl":{"start":{"line":597,"column":0},"end":{"line":600,"column":1}},"loc":{"start":{"line":597,"column":0},"end":{"line":600,"column":1}},"line":597},"17":{"name":"markNotificationAsRead","decl":{"start":{"line":602,"column":0},"end":{"line":608,"column":1}},"loc":{"start":{"line":602,"column":0},"end":{"line":608,"column":1}},"line":602},"18":{"name":"buildClassReportHtml","decl":{"start":{"line":611,"column":0},"end":{"line":843,"column":1}},"loc":{"start":{"line":611,"column":0},"end":{"line":843,"column":1}},"line":611}},"f":{"0":64,"1":7,"2":6,"3":6,"4":7,"5":8,"6":1,"7":3,"8":2,"9":9,"10":5,"11":1,"12":1,"13":1,"14":1,"15":2,"16":1,"17":1,"18":2}}
,"D:\\MATKUL SEMESTER 3\\Projek ExplainMyLesson\\ghandur rido 1\\server\\index.ts": {"path":"D:\\MATKUL SEMESTER 3\\Projek ExplainMyLesson\\ghandur rido 1\\server\\index.ts","all":false,"statementMap":{"0":{"start":{"line":1,"column":0},"end":{"line":1,"column":39}},"24":{"start":{"line":25,"column":0},"end":{"line":25,"column":29}},"25":{"start":{"line":26,"column":0},"end":{"line":26,"column":41}},"26":{"start":{"line":27,"column":0},"end":{"line":27,"column":41}},"27":{"start":{"line":28,"column":0},"end":{"line":28,"column":82}},"33":{"start":{"line":34,"column":0},"end":{"line":34,"column":26}},"54":{"start":{"line":55,"column":0},"end":{"line":55,"column":16}},"55":{"start":{"line":56,"column":0},"end":{"line":56,"column":56}},"57":{"start":{"line":58,"column":0},"end":{"line":58,"column":63}},"58":{"start":{"line":59,"column":0},"end":{"line":59,"column":46}},"59":{"start":{"line":60,"column":0},"end":{"line":60,"column":59}},"61":{"start":{"line":62,"column":0},"end":{"line":62,"column":22}},"62":{"start":{"line":63,"column":0},"end":{"line":63,"column":24}},"63":{"start":{"line":64,"column":0},"end":{"line":64,"column":24}},"67":{"start":{"line":68,"column":0},"end":{"line":68,"column":63}},"68":{"start":{"line":69,"column":0},"end":{"line":69,"column":46}},"69":{"start":{"line":70,"column":0},"end":{"line":70,"column":9}},"70":{"start":{"line":71,"column":0},"end":{"line":71,"column":3}},"72":{"start":{"line":73,"column":0},"end":{"line":73,"column":32}},"76":{"start":{"line":77,"column":0},"end":{"line":77,"column":62}},"77":{"start":{"line":78,"column":0},"end":{"line":78,"column":51}},"80":{"start":{"line":81,"column":0},"end":{"line":81,"column":26}},"81":{"start":{"line":82,"column":0},"end":{"line":82,"column":9}},"82":{"start":{"line":83,"column":0},"end":{"line":83,"column":64}},"83":{"start":{"line":84,"column":0},"end":{"line":84,"column":45}},"84":{"start":{"line":85,"column":0},"end":{"line":85,"column":23}},"85":{"start":{"line":86,"column":0},"end":{"line":86,"column":24}},"86":{"start":{"line":87,"column":0},"end":{"line":87,"column":18}},"87":{"start":{"line":88,"column":0},"end":{"line":88,"column":44}},"88":{"start":{"line":89,"column":0},"end":{"line":89,"column":9}},"89":{"start":{"line":90,"column":0},"end":{"line":90,"column":59}},"90":{"start":{"line":91,"column":0},"end":{"line":91,"column":19}},"91":{"start":{"line":92,"column":0},"end":{"line":92,"column":96}},"92":{"start":{"line":93,"column":0},"end":{"line":93,"column":54}},"93":{"start":{"line":94,"column":0},"end":{"line":94,"column":5}},"94":{"start":{"line":95,"column":0},"end":{"line":95,"column":3}},"97":{"start":{"line":98,"column":0},"end":{"line":98,"column":27}},"98":{"start":{"line":99,"column":0},"end":{"line":99,"column":64}},"99":{"start":{"line":100,"column":0},"end":{"line":100,"column":3}},"100":{"start":{"line":101,"column":0},"end":{"line":101,"column":36}},"101":{"start":{"line":102,"column":0},"end":{"line":102,"column":19}},"102":{"start":{"line":103,"column":0},"end":{"line":103,"column":20}},"103":{"start":{"line":104,"column":0},"end":{"line":104,"column":14}},"104":{"start":{"line":105,"column":0},"end":{"line":105,"column":40}},"105":{"start":{"line":106,"column":0},"end":{"line":106,"column":5}},"106":{"start":{"line":107,"column":0},"end":{"line":107,"column":38}},"107":{"start":{"line":108,"column":0},"end":{"line":108,"column":3}},"110":{"start":{"line":111,"column":0},"end":{"line":111,"column":65}},"111":{"start":{"line":112,"column":0},"end":{"line":112,"column":57}},"112":{"start":{"line":113,"column":0},"end":{"line":113,"column":24}},"113":{"start":{"line":114,"column":0},"end":{"line":114,"column":14}},"114":{"start":{"line":115,"column":0},"end":{"line":115,"column":18}},"115":{"start":{"line":116,"column":0},"end":{"line":116,"column":90}},"116":{"start":{"line":117,"column":0},"end":{"line":117,"column":3}},"118":{"start":{"line":119,"column":0},"end":{"line":119,"column":7}},"119":{"start":{"line":120,"column":0},"end":{"line":120,"column":56}},"120":{"start":{"line":121,"column":0},"end":{"line":121,"column":43}},"121":{"start":{"line":122,"column":0},"end":{"line":122,"column":21}},"122":{"start":{"line":123,"column":0},"end":{"line":123,"column":22}},"123":{"start":{"line":124,"column":0},"end":{"line":124,"column":16}},"124":{"start":{"line":125,"column":0},"end":{"line":125,"column":33}},"125":{"start":{"line":126,"column":0},"end":{"line":126,"column":7}},"126":{"start":{"line":127,"column":0},"end":{"line":127,"column":52}},"127":{"start":{"line":128,"column":0},"end":{"line":128,"column":17}},"128":{"start":{"line":129,"column":0},"end":{"line":129,"column":84}},"129":{"start":{"line":130,"column":0},"end":{"line":130,"column":52}},"130":{"start":{"line":131,"column":0},"end":{"line":131,"column":3}},"131":{"start":{"line":132,"column":0},"end":{"line":132,"column":3}},"133":{"start":{"line":134,"column":0},"end":{"line":134,"column":58}},"134":{"start":{"line":135,"column":0},"end":{"line":135,"column":49}},"135":{"start":{"line":136,"column":0},"end":{"line":136,"column":32}},"136":{"start":{"line":137,"column":0},"end":{"line":137,"column":3}},"139":{"start":{"line":140,"column":0},"end":{"line":140,"column":57}},"140":{"start":{"line":141,"column":0},"end":{"line":141,"column":51}},"141":{"start":{"line":142,"column":0},"end":{"line":142,"column":33}},"142":{"start":{"line":143,"column":0},"end":{"line":143,"column":46}},"143":{"start":{"line":144,"column":0},"end":{"line":144,"column":3}},"144":{"start":{"line":145,"column":0},"end":{"line":145,"column":61}},"145":{"start":{"line":146,"column":0},"end":{"line":146,"column":3}},"148":{"start":{"line":149,"column":0},"end":{"line":149,"column":63}},"149":{"start":{"line":150,"column":0},"end":{"line":150,"column":51}},"150":{"start":{"line":151,"column":0},"end":{"line":151,"column":64}},"151":{"start":{"line":152,"column":0},"end":{"line":152,"column":51}},"152":{"start":{"line":153,"column":0},"end":{"line":153,"column":20}},"153":{"start":{"line":154,"column":0},"end":{"line":154,"column":3}},"155":{"start":{"line":156,"column":0},"end":{"line":156,"column":63}},"156":{"start":{"line":157,"column":0},"end":{"line":157,"column":51}},"157":{"start":{"line":158,"column":0},"end":{"line":158,"column":64}},"158":{"start":{"line":159,"column":0},"end":{"line":159,"column":62}},"159":{"start":{"line":160,"column":0},"end":{"line":160,"column":24}},"160":{"start":{"line":161,"column":0},"end":{"line":161,"column":14}},"161":{"start":{"line":162,"column":0},"end":{"line":162,"column":18}},"162":{"start":{"line":163,"column":0},"end":{"line":163,"column":86}},"163":{"start":{"line":164,"column":0},"end":{"line":164,"column":3}},"164":{"start":{"line":165,"column":0},"end":{"line":165,"column":7}},"165":{"start":{"line":166,"column":0},"end":{"line":166,"column":63}},"166":{"start":{"line":167,"column":0},"end":{"line":167,"column":22}},"167":{"start":{"line":168,"column":0},"end":{"line":168,"column":17}},"168":{"start":{"line":169,"column":0},"end":{"line":169,"column":85}},"169":{"start":{"line":170,"column":0},"end":{"line":170,"column":45}},"170":{"start":{"line":171,"column":0},"end":{"line":171,"column":3}},"171":{"start":{"line":172,"column":0},"end":{"line":172,"column":3}},"174":{"start":{"line":175,"column":0},"end":{"line":175,"column":64}},"175":{"start":{"line":176,"column":0},"end":{"line":176,"column":40}},"176":{"start":{"line":177,"column":0},"end":{"line":177,"column":20}},"177":{"start":{"line":178,"column":0},"end":{"line":178,"column":3}},"179":{"start":{"line":180,"column":0},"end":{"line":180,"column":64}},"180":{"start":{"line":181,"column":0},"end":{"line":181,"column":59}},"181":{"start":{"line":182,"column":0},"end":{"line":182,"column":24}},"182":{"start":{"line":183,"column":0},"end":{"line":183,"column":14}},"183":{"start":{"line":184,"column":0},"end":{"line":184,"column":18}},"184":{"start":{"line":185,"column":0},"end":{"line":185,"column":85}},"185":{"start":{"line":186,"column":0},"end":{"line":186,"column":3}},"186":{"start":{"line":187,"column":0},"end":{"line":187,"column":7}},"187":{"start":{"line":188,"column":0},"end":{"line":188,"column":55}},"188":{"start":{"line":189,"column":0},"end":{"line":189,"column":34}},"189":{"start":{"line":190,"column":0},"end":{"line":190,"column":17}},"190":{"start":{"line":191,"column":0},"end":{"line":191,"column":85}},"191":{"start":{"line":192,"column":0},"end":{"line":192,"column":45}},"192":{"start":{"line":193,"column":0},"end":{"line":193,"column":3}},"193":{"start":{"line":194,"column":0},"end":{"line":194,"column":3}},"195":{"start":{"line":196,"column":0},"end":{"line":196,"column":70}},"196":{"start":{"line":197,"column":0},"end":{"line":197,"column":35}},"197":{"start":{"line":198,"column":0},"end":{"line":198,"column":44}},"198":{"start":{"line":199,"column":0},"end":{"line":199,"column":17}},"199":{"start":{"line":200,"column":0},"end":{"line":200,"column":69}},"200":{"start":{"line":201,"column":0},"end":{"line":201,"column":3}},"201":{"start":{"line":202,"column":0},"end":{"line":202,"column":25}},"202":{"start":{"line":203,"column":0},"end":{"line":203,"column":3}},"205":{"start":{"line":206,"column":0},"end":{"line":206,"column":70}},"206":{"start":{"line":207,"column":0},"end":{"line":207,"column":49}},"207":{"start":{"line":208,"column":0},"end":{"line":208,"column":26}},"208":{"start":{"line":209,"column":0},"end":{"line":209,"column":3}},"210":{"start":{"line":211,"column":0},"end":{"line":211,"column":79}},"211":{"start":{"line":212,"column":0},"end":{"line":212,"column":35}},"212":{"start":{"line":213,"column":0},"end":{"line":213,"column":35}},"213":{"start":{"line":214,"column":0},"end":{"line":214,"column":25}},"214":{"start":{"line":215,"column":0},"end":{"line":215,"column":3}},"218":{"start":{"line":219,"column":0},"end":{"line":219,"column":70}},"219":{"start":{"line":220,"column":0},"end":{"line":220,"column":42}},"220":{"start":{"line":221,"column":0},"end":{"line":221,"column":20}},"221":{"start":{"line":222,"column":0},"end":{"line":222,"column":3}},"223":{"start":{"line":224,"column":0},"end":{"line":224,"column":73}},"224":{"start":{"line":225,"column":0},"end":{"line":225,"column":46}},"225":{"start":{"line":226,"column":0},"end":{"line":226,"column":21}},"226":{"start":{"line":227,"column":0},"end":{"line":227,"column":3}},"228":{"start":{"line":229,"column":0},"end":{"line":229,"column":78}},"229":{"start":{"line":230,"column":0},"end":{"line":230,"column":50}},"230":{"start":{"line":231,"column":0},"end":{"line":231,"column":21}},"231":{"start":{"line":232,"column":0},"end":{"line":232,"column":3}},"234":{"start":{"line":235,"column":0},"end":{"line":235,"column":62}},"235":{"start":{"line":236,"column":0},"end":{"line":236,"column":65}},"236":{"start":{"line":237,"column":0},"end":{"line":237,"column":7}},"237":{"start":{"line":238,"column":0},"end":{"line":238,"column":48}},"238":{"start":{"line":239,"column":0},"end":{"line":239,"column":65}},"239":{"start":{"line":240,"column":0},"end":{"line":240,"column":22}},"240":{"start":{"line":241,"column":0},"end":{"line":241,"column":64}},"241":{"start":{"line":242,"column":0},"end":{"line":242,"column":77}},"242":{"start":{"line":243,"column":0},"end":{"line":243,"column":24}},"243":{"start":{"line":244,"column":0},"end":{"line":244,"column":12}},"244":{"start":{"line":245,"column":0},"end":{"line":245,"column":64}},"245":{"start":{"line":246,"column":0},"end":{"line":246,"column":22}},"246":{"start":{"line":247,"column":0},"end":{"line":247,"column":63}},"247":{"start":{"line":248,"column":0},"end":{"line":248,"column":81}},"248":{"start":{"line":249,"column":0},"end":{"line":249,"column":24}},"249":{"start":{"line":250,"column":0},"end":{"line":250,"column":5}},"250":{"start":{"line":251,"column":0},"end":{"line":251,"column":17}},"251":{"start":{"line":252,"column":0},"end":{"line":252,"column":82}},"252":{"start":{"line":253,"column":0},"end":{"line":253,"column":45}},"253":{"start":{"line":254,"column":0},"end":{"line":254,"column":3}},"254":{"start":{"line":255,"column":0},"end":{"line":255,"column":3}},"258":{"start":{"line":259,"column":0},"end":{"line":259,"column":66}},"259":{"start":{"line":260,"column":0},"end":{"line":260,"column":53}},"260":{"start":{"line":261,"column":0},"end":{"line":261,"column":63}},"261":{"start":{"line":262,"column":0},"end":{"line":262,"column":7}},"262":{"start":{"line":263,"column":0},"end":{"line":263,"column":56}},"263":{"start":{"line":264,"column":0},"end":{"line":264,"column":22}},"264":{"start":{"line":265,"column":0},"end":{"line":265,"column":17}},"265":{"start":{"line":266,"column":0},"end":{"line":266,"column":83}},"266":{"start":{"line":267,"column":0},"end":{"line":267,"column":45}},"267":{"start":{"line":268,"column":0},"end":{"line":268,"column":3}},"268":{"start":{"line":269,"column":0},"end":{"line":269,"column":3}},"272":{"start":{"line":273,"column":0},"end":{"line":273,"column":60}},"273":{"start":{"line":274,"column":0},"end":{"line":274,"column":47}},"274":{"start":{"line":275,"column":0},"end":{"line":275,"column":7}},"275":{"start":{"line":276,"column":0},"end":{"line":276,"column":55}},"276":{"start":{"line":277,"column":0},"end":{"line":277,"column":35}},"277":{"start":{"line":278,"column":0},"end":{"line":278,"column":17}},"278":{"start":{"line":279,"column":0},"end":{"line":279,"column":78}},"279":{"start":{"line":280,"column":0},"end":{"line":280,"column":45}},"280":{"start":{"line":281,"column":0},"end":{"line":281,"column":3}},"281":{"start":{"line":282,"column":0},"end":{"line":282,"column":3}},"285":{"start":{"line":286,"column":0},"end":{"line":286,"column":66}},"286":{"start":{"line":287,"column":0},"end":{"line":287,"column":7}},"287":{"start":{"line":288,"column":0},"end":{"line":288,"column":43}},"288":{"start":{"line":289,"column":0},"end":{"line":289,"column":24}},"289":{"start":{"line":290,"column":0},"end":{"line":290,"column":17}},"290":{"start":{"line":291,"column":0},"end":{"line":291,"column":90}},"291":{"start":{"line":292,"column":0},"end":{"line":292,"column":45}},"292":{"start":{"line":293,"column":0},"end":{"line":293,"column":3}},"293":{"start":{"line":294,"column":0},"end":{"line":294,"column":3}},"295":{"start":{"line":296,"column":0},"end":{"line":296,"column":66}},"296":{"start":{"line":297,"column":0},"end":{"line":297,"column":58}},"297":{"start":{"line":298,"column":0},"end":{"line":298,"column":24}},"298":{"start":{"line":299,"column":0},"end":{"line":299,"column":99}},"299":{"start":{"line":300,"column":0},"end":{"line":300,"column":3}},"301":{"start":{"line":302,"column":0},"end":{"line":302,"column":7}},"302":{"start":{"line":303,"column":0},"end":{"line":303,"column":51}},"303":{"start":{"line":304,"column":0},"end":{"line":304,"column":40}},"304":{"start":{"line":305,"column":0},"end":{"line":305,"column":17}},"305":{"start":{"line":306,"column":0},"end":{"line":306,"column":85}},"306":{"start":{"line":307,"column":0},"end":{"line":307,"column":52}},"307":{"start":{"line":308,"column":0},"end":{"line":308,"column":3}},"308":{"start":{"line":309,"column":0},"end":{"line":309,"column":3}},"310":{"start":{"line":311,"column":0},"end":{"line":311,"column":24}},"313":{"start":{"line":314,"column":0},"end":{"line":314,"column":19}},"314":{"start":{"line":315,"column":0},"end":{"line":315,"column":53}},"315":{"start":{"line":316,"column":0},"end":{"line":316,"column":35}},"319":{"start":{"line":320,"column":0},"end":{"line":320,"column":50}},"320":{"start":{"line":321,"column":0},"end":{"line":321,"column":51}},"321":{"start":{"line":322,"column":0},"end":{"line":322,"column":5}},"322":{"start":{"line":323,"column":0},"end":{"line":323,"column":1}},"324":{"start":{"line":325,"column":0},"end":{"line":325,"column":61}},"325":{"start":{"line":326,"column":0},"end":{"line":326,"column":26}},"326":{"start":{"line":327,"column":0},"end":{"line":327,"column":87}},"327":{"start":{"line":328,"column":0},"end":{"line":328,"column":23}},"328":{"start":{"line":329,"column":0},"end":{"line":329,"column":18}},"329":{"start":{"line":330,"column":0},"end":{"line":330,"column":94}},"330":{"start":{"line":331,"column":0},"end":{"line":331,"column":8}},"331":{"start":{"line":332,"column":0},"end":{"line":332,"column":5}},"332":{"start":{"line":333,"column":0},"end":{"line":333,"column":5}},"333":{"start":{"line":334,"column":0},"end":{"line":334,"column":1}},"335":{"start":{"line":336,"column":0},"end":{"line":336,"column":19}}},"s":{"0":1,"24":1,"25":1,"26":1,"27":1,"33":1,"54":1,"55":1,"57":1,"58":1,"59":1,"61":1,"62":1,"63":1,"67":1,"68":35,"69":35,"70":35,"72":1,"76":1,"77":5,"80":5,"81":3,"82":3,"83":1,"84":1,"85":1,"86":1,"87":1,"88":1,"89":1,"90":3,"91":2,"92":2,"93":2,"94":3,"97":5,"98":1,"99":1,"100":1,"101":1,"102":1,"103":1,"104":1,"105":1,"106":1,"107":1,"110":1,"111":3,"112":3,"113":1,"114":1,"115":1,"116":1,"118":2,"119":2,"120":1,"121":1,"122":1,"123":1,"124":1,"125":1,"126":1,"127":1,"128":1,"129":1,"130":1,"131":3,"133":1,"134":1,"135":1,"136":1,"139":1,"140":3,"141":3,"142":2,"143":2,"144":1,"145":1,"148":1,"149":1,"150":1,"151":1,"152":1,"153":1,"155":1,"156":2,"157":2,"158":2,"159":2,"160":1,"161":1,"162":1,"163":1,"164":1,"165":1,"166":1,"167":2,"168":0,"169":0,"170":0,"171":2,"174":1,"175":1,"176":1,"177":1,"179":1,"180":2,"181":2,"182":1,"183":1,"184":1,"185":1,"186":1,"187":1,"188":1,"189":2,"190":0,"191":0,"192":0,"193":2,"195":1,"196":2,"197":2,"198":2,"199":1,"200":1,"201":1,"202":1,"205":1,"206":1,"207":1,"208":1,"210":1,"211":1,"212":1,"213":1,"214":1,"218":1,"219":1,"220":1,"221":1,"223":1,"224":1,"225":1,"226":1,"228":1,"229":1,"230":1,"231":1,"234":1,"235":2,"236":2,"237":2,"238":1,"239":1,"240":1,"241":1,"242":1,"243":1,"244":1,"245":1,"246":1,"247":1,"248":1,"249":1,"250":2,"251":0,"252":0,"253":0,"254":2,"258":1,"259":1,"260":1,"261":1,"262":1,"263":1,"264":1,"265":0,"266":0,"267":0,"268":1,"272":1,"273":4,"274":4,"275":4,"276":3,"277":4,"278":1,"279":1,"280":1,"281":4,"285":1,"286":1,"287":1,"288":1,"289":1,"290":0,"291":0,"292":0,"293":1,"295":1,"296":2,"297":2,"298":1,"299":1,"301":1,"302":1,"303":1,"304":2,"305":0,"306":0,"307":0,"308":2,"310":1,"313":1,"314":0,"315":0,"319":0,"320":0,"321":0,"322":0,"324":1,"325":0,"326":0,"327":0,"328":0,"329":0,"330":0,"331":0,"332":0,"333":0,"335":1},"branchMap":{"0":{"type":"branch","line":314,"loc":{"start":{"line":314,"column":18},"end":{"line":323,"column":1}},"locations":[{"start":{"line":314,"column":18},"end":{"line":323,"column":1}}]},"1":{"type":"branch","line":325,"loc":{"start":{"line":325,"column":29},"end":{"line":325,"column":60}},"locations":[{"start":{"line":325,"column":29},"end":{"line":325,"column":60}}]},"2":{"type":"branch","line":325,"loc":{"start":{"line":325,"column":60},"end":{"line":334,"column":1}},"locations":[{"start":{"line":325,"column":60},"end":{"line":334,"column":1}}]},"3":{"type":"branch","line":68,"loc":{"start":{"line":68,"column":8},"end":{"line":71,"column":3}},"locations":[{"start":{"line":68,"column":8},"end":{"line":71,"column":3}}]},"4":{"type":"branch","line":77,"loc":{"start":{"line":77,"column":22},"end":{"line":108,"column":3}},"locations":[{"start":{"line":77,"column":22},"end":{"line":108,"column":3}}]},"5":{"type":"branch","line":78,"loc":{"start":{"line":78,"column":40},"end":{"line":78,"column":51}},"locations":[{"start":{"line":78,"column":40},"end":{"line":78,"column":51}}]},"6":{"type":"branch","line":81,"loc":{"start":{"line":81,"column":6},"end":{"line":81,"column":25}},"locations":[{"start":{"line":81,"column":6},"end":{"line":81,"column":25}}]},"7":{"type":"branch","line":81,"loc":{"start":{"line":81,"column":25},"end":{"line":95,"column":3}},"locations":[{"start":{"line":81,"column":25},"end":{"line":95,"column":3}}]},"8":{"type":"branch","line":83,"loc":{"start":{"line":83,"column":62},"end":{"line":91,"column":13}},"locations":[{"start":{"line":83,"column":62},"end":{"line":91,"column":13}}]},"9":{"type":"branch","line":91,"loc":{"start":{"line":91,"column":4},"end":{"line":94,"column":5}},"locations":[{"start":{"line":91,"column":4},"end":{"line":94,"column":5}}]},"10":{"type":"branch","line":92,"loc":{"start":{"line":92,"column":49},"end":{"line":92,"column":96}},"locations":[{"start":{"line":92,"column":49},"end":{"line":92,"column":96}}]},"11":{"type":"branch","line":95,"loc":{"start":{"line":95,"column":2},"end":{"line":98,"column":26}},"locations":[{"start":{"line":95,"column":2},"end":{"line":98,"column":26}}]},"12":{"type":"branch","line":98,"loc":{"start":{"line":98,"column":26},"end":{"line":108,"column":3}},"locations":[{"start":{"line":98,"column":26},"end":{"line":108,"column":3}}]},"13":{"type":"branch","line":111,"loc":{"start":{"line":111,"column":25},"end":{"line":132,"column":3}},"locations":[{"start":{"line":111,"column":25},"end":{"line":132,"column":3}}]},"14":{"type":"branch","line":113,"loc":{"start":{"line":113,"column":23},"end":{"line":117,"column":3}},"locations":[{"start":{"line":113,"column":23},"end":{"line":117,"column":3}}]},"15":{"type":"branch","line":116,"loc":{"start":{"line":116,"column":45},"end":{"line":116,"column":87}},"locations":[{"start":{"line":116,"column":45},"end":{"line":116,"column":87}}]},"16":{"type":"branch","line":117,"loc":{"start":{"line":117,"column":2},"end":{"line":120,"column":56}},"locations":[{"start":{"line":117,"column":2},"end":{"line":120,"column":56}}]},"17":{"type":"branch","line":120,"loc":{"start":{"line":120,"column":54},"end":{"line":131,"column":3}},"locations":[{"start":{"line":120,"column":54},"end":{"line":131,"column":3}}]},"18":{"type":"branch","line":129,"loc":{"start":{"line":129,"column":47},"end":{"line":129,"column":84}},"locations":[{"start":{"line":129,"column":47},"end":{"line":129,"column":84}}]},"19":{"type":"branch","line":134,"loc":{"start":{"line":134,"column":23},"end":{"line":137,"column":3}},"locations":[{"start":{"line":134,"column":23},"end":{"line":137,"column":3}}]},"20":{"type":"branch","line":140,"loc":{"start":{"line":140,"column":23},"end":{"line":146,"column":3}},"locations":[{"start":{"line":140,"column":23},"end":{"line":146,"column":3}}]},"21":{"type":"branch","line":142,"loc":{"start":{"line":142,"column":32},"end":{"line":144,"column":3}},"locations":[{"start":{"line":142,"column":32},"end":{"line":144,"column":3}}]},"22":{"type":"branch","line":144,"loc":{"start":{"line":144,"column":2},"end":{"line":146,"column":3}},"locations":[{"start":{"line":144,"column":2},"end":{"line":146,"column":3}}]},"23":{"type":"branch","line":149,"loc":{"start":{"line":149,"column":23},"end":{"line":154,"column":3}},"locations":[{"start":{"line":149,"column":23},"end":{"line":154,"column":3}}]},"24":{"type":"branch","line":151,"loc":{"start":{"line":151,"column":41},"end":{"line":151,"column":64}},"locations":[{"start":{"line":151,"column":41},"end":{"line":151,"column":64}}]},"25":{"type":"branch","line":156,"loc":{"start":{"line":156,"column":23},"end":{"line":172,"column":3}},"locations":[{"start":{"line":156,"column":23},"end":{"line":172,"column":3}}]},"26":{"type":"branch","line":158,"loc":{"start":{"line":158,"column":37},"end":{"line":158,"column":54}},"locations":[{"start":{"line":158,"column":37},"end":{"line":158,"column":54}}]},"27":{"type":"branch","line":158,"loc":{"start":{"line":158,"column":41},"end":{"line":158,"column":64}},"locations":[{"start":{"line":158,"column":41},"end":{"line":158,"column":64}}]},"28":{"type":"branch","line":160,"loc":{"start":{"line":160,"column":23},"end":{"line":168,"column":11}},"locations":[{"start":{"line":160,"column":23},"end":{"line":168,"column":11}}]},"29":{"type":"branch","line":163,"loc":{"start":{"line":163,"column":45},"end":{"line":163,"column":83}},"locations":[{"start":{"line":163,"column":45},"end":{"line":163,"column":83}}]},"30":{"type":"branch","line":168,"loc":{"start":{"line":168,"column":2},"end":{"line":171,"column":3}},"locations":[{"start":{"line":168,"column":2},"end":{"line":171,"column":3}}]},"31":{"type":"branch","line":175,"loc":{"start":{"line":175,"column":23},"end":{"line":178,"column":3}},"locations":[{"start":{"line":175,"column":23},"end":{"line":178,"column":3}}]},"32":{"type":"branch","line":180,"loc":{"start":{"line":180,"column":24},"end":{"line":194,"column":3}},"locations":[{"start":{"line":180,"column":24},"end":{"line":194,"column":3}}]},"33":{"type":"branch","line":182,"loc":{"start":{"line":182,"column":23},"end":{"line":190,"column":11}},"locations":[{"start":{"line":182,"column":23},"en
[...]
"column":40}},"20":{"start":{"line":21,"column":0},"end":{"line":21,"column":48}},"21":{"start":{"line":22,"column":0},"end":{"line":22,"column":1}},"23":{"start":{"line":24,"column":0},"end":{"line":24,"column":85}},"24":{"start":{"line":25,"column":0},"end":{"line":25,"column":52}},"26":{"start":{"line":27,"column":0},"end":{"line":27,"column":47}},"27":{"start":{"line":28,"column":0},"end":{"line":28,"column":19}},"28":{"start":{"line":29,"column":0},"end":{"line":29,"column":52}},"29":{"start":{"line":30,"column":0},"end":{"line":30,"column":34}},"30":{"start":{"line":31,"column":0},"end":{"line":31,"column":5}},"32":{"start":{"line":33,"column":0},"end":{"line":33,"column":58}},"33":{"start":{"line":34,"column":0},"end":{"line":34,"column":21}},"34":{"start":{"line":35,"column":0},"end":{"line":35,"column":69}},"35":{"start":{"line":36,"column":0},"end":{"line":36,"column":3}},"36":{"start":{"line":37,"column":0},"end":{"line":37,"column":39}},"37":{"start":{"line":38,"column":0},"end":{"line":38,"column":1}}},"s":{"0":1,"11":1,"13":2,"14":2,"15":2,"16":1,"17":1,"18":1,"19":1,"20":1,"21":1,"23":2,"24":2,"26":2,"27":2,"28":2,"29":2,"30":2,"32":2,"33":2,"34":1,"35":1,"36":1,"37":1},"branchMap":{"0":{"type":"branch","line":14,"loc":{"start":{"line":14,"column":0},"end":{"line":22,"column":1}},"locations":[{"start":{"line":14,"column":0},"end":{"line":22,"column":1}}]},"1":{"type":"branch","line":16,"loc":{"start":{"line":16,"column":20},"end":{"line":22,"column":1}},"locations":[{"start":{"line":16,"column":20},"end":{"line":22,"column":1}}]},"2":{"type":"branch","line":18,"loc":{"start":{"line":18,"column":26},"end":{"line":18,"column":79}},"locations":[{"start":{"line":18,"column":26},"end":{"line":18,"column":79}}]},"3":{"type":"branch","line":24,"loc":{"start":{"line":24,"column":0},"end":{"line":38,"column":1}},"locations":[{"start":{"line":24,"column":0},"end":{"line":38,"column":1}}]},"4":{"type":"branch","line":34,"loc":{"start":{"line":34,"column":20},"end":{"line":38,"column":1}},"locations":[{"start":{"line":34,"column":20},"end":{"line":38,"column":1}}]},"5":{"type":"branch","line":35,"loc":{"start":{"line":35,"column":29},"end":{"line":35,"column":67}},"locations":[{"start":{"line":35,"column":29},"end":{"line":35,"column":67}}]}},"b":{"0":[2],"1":[1],"2":[0],"3":[2],"4":[1],"5":[0]},"fnMap":{"0":{"name":"fetchMaterials","decl":{"start":{"line":14,"column":0},"end":{"line":22,"column":1}},"loc":{"start":{"line":14,"column":0},"end":{"line":22,"column":1}},"line":14},"1":{"name":"createMaterial","decl":{"start":{"line":24,"column":0},"end":{"line":38,"column":1}},"loc":{"start":{"line":24,"column":0},"end":{"line":38,"column":1}},"line":24}},"f":{"0":2,"1":2}}
,"D:\\MATKUL SEMESTER 3\\Projek ExplainMyLesson\\ghandur rido 1\\src\\lib\\api\\quizApi.ts": {"path":"D:\\MATKUL SEMESTER 3\\Projek ExplainMyLesson\\ghandur rido 1\\src\\lib\\api\\quizApi.ts","all":false,"statementMap":{"0":{"start":{"line":1,"column":0},"end":{"line":1,"column":81}},"4":{"start":{"line":5,"column":0},"end":{"line":5,"column":81}},"5":{"start":{"line":6,"column":0},"end":{"line":6,"column":59}},"6":{"start":{"line":7,"column":0},"end":{"line":7,"column":58}},"8":{"start":{"line":9,"column":0},"end":{"line":9,"column":21}},"9":{"start":{"line":10,"column":0},"end":{"line":10,"column":65}},"10":{"start":{"line":11,"column":0},"end":{"line":11,"column":3}},"12":{"start":{"line":13,"column":0},"end":{"line":13,"column":60}},"13":{"start":{"line":14,"column":0},"end":{"line":14,"column":26}},"14":{"start":{"line":15,"column":0},"end":{"line":15,"column":1}}},"s":{"0":1,"4":2,"5":2,"6":2,"8":2,"9":1,"10":1,"12":1,"13":1,"14":1},"branchMap":{"0":{"type":"branch","line":5,"loc":{"start":{"line":5,"column":0},"end":{"line":15,"column":1}},"locations":[{"start":{"line":5,"column":0},"end":{"line":15,"column":1}}]},"1":{"type":"branch","line":9,"loc":{"start":{"line":9,"column":20},"end":{"line":15,"column":1}},"locations":[{"start":{"line":9,"column":20},"end":{"line":15,"column":1}}]},"2":{"type":"branch","line":10,"loc":{"start":{"line":10,"column":29},"end":{"line":10,"column":63}},"locations":[{"start":{"line":10,"column":29},"end":{"line":10,"column":63}}]}},"b":{"0":[2],"1":[1],"2":[0]},"fnMap":{"0":{"name":"fetchQuestionsByLevel","decl":{"start":{"line":5,"column":0},"end":{"line":15,"column":1}},"loc":{"start":{"line":5,"column":0},"end":{"line":15,"column":1}},"line":5}},"f":{"0":2}}
,"D:\\MATKUL SEMESTER 3\\Projek ExplainMyLesson\\ghandur rido 1\\src\\lib\\api\\sessionApi.ts": {"path":"D:\\MATKUL SEMESTER 3\\Projek ExplainMyLesson\\ghandur rido 1\\src\\lib\\api\\sessionApi.ts","all":false,"statementMap":{"0":{"start":{"line":1,"column":0},"end":{"line":1,"column":28}},"17":{"start":{"line":18,"column":0},"end":{"line":18,"column":64}},"18":{"start":{"line":19,"column":0},"end":{"line":19,"column":79}},"19":{"start":{"line":20,"column":0},"end":{"line":20,"column":58}},"20":{"start":{"line":21,"column":0},"end":{"line":21,"column":46}},"21":{"start":{"line":22,"column":0},"end":{"line":22,"column":1}},"27":{"start":{"line":28,"column":0},"end":{"line":28,"column":107}},"28":{"start":{"line":29,"column":0},"end":{"line":29,"column":46}},"29":{"start":{"line":30,"column":0},"end":{"line":30,"column":19}},"30":{"start":{"line":31,"column":0},"end":{"line":31,"column":52}},"31":{"start":{"line":32,"column":0},"end":{"line":32,"column":34}},"32":{"start":{"line":33,"column":0},"end":{"line":33,"column":31}},"33":{"start":{"line":34,"column":0},"end":{"line":34,"column":5}},"34":{"start":{"line":35,"column":0},"end":{"line":35,"column":58}},"35":{"start":{"line":36,"column":0},"end":{"line":36,"column":21}},"36":{"start":{"line":37,"column":0},"end":{"line":37,"column":97}},"37":{"start":{"line":38,"column":0},"end":{"line":38,"column":3}},"38":{"start":{"line":39,"column":0},"end":{"line":39,"column":17}},"39":{"start":{"line":40,"column":0},"end":{"line":40,"column":1}},"41":{"start":{"line":42,"column":0},"end":{"line":42,"column":95}},"42":{"start":{"line":43,"column":0},"end":{"line":43,"column":49}},"43":{"start":{"line":44,"column":0},"end":{"line":44,"column":19}},"44":{"start":{"line":45,"column":0},"end":{"line":45,"column":52}},"45":{"start":{"line":46,"column":0},"end":{"line":46,"column":31}},"46":{"start":{"line":47,"column":0},"end":{"line":47,"column":31}},"47":{"start":{"line":48,"column":0},"end":{"line":48,"column":5}},"48":{"start":{"line":49,"column":0},"end":{"line":49,"column":58}},"49":{"start":{"line":50,"column":0},"end":{"line":50,"column":21}},"50":{"start":{"line":51,"column":0},"end":{"line":51,"column":66}},"51":{"start":{"line":52,"column":0},"end":{"line":52,"column":3}},"52":{"start":{"line":53,"column":0},"end":{"line":53,"column":17}},"53":{"start":{"line":54,"column":0},"end":{"line":54,"column":1}},"55":{"start":{"line":56,"column":0},"end":{"line":56,"column":47}},"56":{"start":{"line":57,"column":0},"end":{"line":57,"column":77}},"57":{"start":{"line":58,"column":0},"end":{"line":58,"column":1}},"59":{"start":{"line":60,"column":0},"end":{"line":60,"column":60}},"60":{"start":{"line":61,"column":0},"end":{"line":61,"column":79}},"61":{"start":{"line":62,"column":0},"end":{"line":62,"column":58}},"62":{"start":{"line":63,"column":0},"end":{"line":63,"column":21}},"63":{"start":{"line":64,"column":0},"end":{"line":64,"column":53}},"64":{"start":{"line":65,"column":0},"end":{"line":65,"column":3}},"65":{"start":{"line":66,"column":0},"end":{"line":66,"column":42}},"66":{"start":{"line":67,"column":0},"end":{"line":67,"column":1}},"68":{"start":{"line":69,"column":0},"end":{"line":69,"column":85}},"69":{"start":{"line":70,"column":0},"end":{"line":70,"column":48}},"70":{"start":{"line":71,"column":0},"end":{"line":71,"column":18}},"71":{"start":{"line":72,"column":0},"end":{"line":72,"column":52}},"72":{"start":{"line":73,"column":0},"end":{"line":73,"column":31}},"73":{"start":{"line":74,"column":0},"end":{"line":74,"column":31}},"74":{"start":{"line":75,"column":0},"end":{"line":75,"column":5}},"75":{"start":{"line":76,"column":0},"end":{"line":76,"column":58}},"76":{"start":{"line":77,"column":0},"end":{"line":77,"column":21}},"77":{"start":{"line":78,"column":0},"end":{"line":78,"column":67}},"78":{"start":{"line":79,"column":0},"end":{"line":79,"column":3}},"79":{"start":{"line":80,"column":0},"end":{"line":80,"column":42}},"80":{"start":{"line":81,"column":0},"end":{"line":81,"column":1}}},"s":{"0":1,"17":1,"18":1,"19":1,"20":1,"21":1,"27":2,"28":2,"29":2,"30":2,"31":2,"32":2,"33":2,"34":2,"35":2,"36":1,"37":1,"38":1,"39":1,"41":2,"42":2,"43":2,"44":2,"45":2,"46":2,"47":2,"48":2,"49":2,"50":1,"51":1,"52":1,"53":1,"55":1,"56":1,"57":1,"59":2,"60":2,"61":2,"62":2,"63":1,"64":1,"65":1,"66":1,"68":2,"69":2,"70":2,"71":2,"72":2,"73":2,"74":2,"75":2,"76":2,"77":1,"78":1,"79":1,"80":1},"branchMap":{"0":{"type":"branch","line":18,"loc":{"start":{"line":18,"column":0},"end":{"line":22,"column":1}},"locations":[{"start":{"line":18,"column":0},"end":{"line":22,"column":1}}]},"1":{"type":"branch","line":28,"loc":{"start":{"line":28,"column":0},"end":{"line":40,"column":1}},"locations":[{"start":{"line":28,"column":0},"end":{"line":40,"column":1}}]},"2":{"type":"branch","line":36,"loc":{"start":{"line":36,"column":20},"end":{"line":40,"column":1}},"locations":[{"start":{"line":36,"column":20},"end":{"line":40,"column":1}}]},"3":{"type":"branch","line":37,"loc":{"start":{"line":37,"column":29},"end":{"line":37,"column":95}},"locations":[{"start":{"line":37,"column":29},"end":{"line":37,"column":95}}]},"4":{"type":"branch","line":42,"loc":{"start":{"line":42,"column":0},"end":{"line":54,"column":1}},"locations":[{"start":{"line":42,"column":0},"end":{"line":54,"column":1}}]},"5":{"type":"branch","line":50,"loc":{"start":{"line":50,"column":20},"end":{"line":54,"column":1}},"locations":[{"start":{"line":50,"column":20},"end":{"line":54,"column":1}}]},"6":{"type":"branch","line":51,"loc":{"start":{"line":51,"column":29},"end":{"line":51,"column":64}},"locations":[{"start":{"line":51,"column":29},"end":{"line":51,"column":64}}]},"7":{"type":"branch","line":56,"loc":{"start":{"line":56,"column":0},"end":{"line":58,"column":1}},"locations":[{"start":{"line":56,"column":0},"end":{"line":58,"column":1}}]},"8":{"type":"branch","line":60,"loc":{"start":{"line":60,"column":0},"end":{"line":67,"column":1}},"locations":[{"start":{"line":60,"column":0},"end":{"line":67,"column":1}}]},"9":{"type":"branch","line":63,"loc":{"start":{"line":63,"column":20},"end":{"line":67,"column":1}},"locations":[{"start":{"line":63,"column":20},"end":{"line":67,"column":1}}]},"10":{"type":"branch","line":69,"loc":{"start":{"line":69,"column":0},"end":{"line":81,"column":1}},"locations":[{"start":{"line":69,"column":0},"end":{"line":81,"column":1}}]},"11":{"type":"branch","line":77,"loc":{"start":{"line":77,"column":20},"end":{"line":81,"column":1}},"locations":[{"start":{"line":77,"column":20},"end":{"line":81,"column":1}}]},"12":{"type":"branch","line":78,"loc":{"start":{"line":78,"column":29},"end":{"line":78,"column":65}},"locations":[{"start":{"line":78,"column":29},"end":{"line":78,"column":65}}]}},"b":{"0":[1],"1":[2],"2":[1],"3":[0],"4":[2],"5":[1],"6":[0],"7":[1],"8":[2],"9":[1],"10":[2],"11":[1],"12":[0]},"fnMap":{"0":{"name":"fetchSession","decl":{"start":{"line":18,"column":0},"end":{"line":22,"column":1}},"loc":{"start":{"line":18,"column":0},"end":{"line":22,"column":1}},"line":18},"1":{"name":"login","decl":{"start":{"line":28,"column":0},"end":{"line":40,"column":1}},"loc":{"start":{"line":28,"column":0},"end":{"line":40,"column":1}},"line":28},"2":{"name":"register","decl":{"start":{"line":42,"column":0},"end":{"line":54,"column":1}},"loc":{"start":{"line":42,"column":0},"end":{"line":54,"column":1}},"line":42},"3":{"name":"logout","decl":{"start":{"line":56,"column":0},"end":{"line":58,"column":1}},"loc":{"start":{"line":56,"column":0},"end":{"line":58,"column":1}},"line":56},"4":{"name":"fetchProfile","decl":{"start":{"line":60,"column":0},"end":{"line":67,"column":1}},"loc":{"start":{"line":60,"column":0},"end":{"line":67,"column":1}},"line":60},"5":{"name":"updateProfile","decl":{"start":{"line":69,"column":0},"end":{"line":81,"column":1}},"loc":{"start":{"line":69,"column":0},"end":{"line":81,"column":1}},"line":69}},"f":{"0":1,"1":2,"2":2,"3":1,"4":2,"5":2}}
,"D:\\MATKUL SEMESTER 3\\Projek ExplainMyLesson\\ghandur rido 1\\src\\lib\\store\\useUIStore.ts": {"path":"D:\\MATKUL SEMESTER 3\\Projek ExplainMyLesson\\ghandur rido 1\\src\\lib\\store\\useUIStore.ts","all":false,"statementMap":{"0":{"start":{"line":1,"column":0},"end":{"line":1,"column":30}},"56":{"start":{"line":57,"column":0},"end":{"line":57,"column":83}},"58":{"start":{"line":59,"column":0},"end":{"line":59,"column":55}},"59":{"start":{"line":60,"column":0},"end":{"line":60,"column":27}},"60":{"start":{"line":61,"column":0},"end":{"line":61,"column":32}},"61":{"start":{"line":62,"column":0},"end":{"line":62,"column":94}},"62":{"start":{"line":63,"column":0},"end":{"line":63,"column":60}},"64":{"start":{"line":65,"column":0},"end":{"line":65,"column":21}},"65":{"start":{"line":66,"column":0},"end":{"line":66,"column":20}},"66":{"start":{"line":67,"column":0},"end":{"line":67,"column":84}},"68":{"start":{"line":69,"column":0},"end":{"line":69,"column":30}},"69":{"start":{"line":70,"column":0},"end":{"line":70,"column":35}},"70":{"start":{"line":71,"column":0},"end":{"line":71,"column":83}},"71":{"start":{"line":72,"column":0},"end":{"line":72,"column":29}},"72":{"start":{"line":73,"column":0},"end":{"line":73,"column":77}},"73":{"start":{"line":74,"column":0},"end":{"line":74,"column":61}},"75":{"start":{"line":76,"column":0},"end":{"line":76,"column":19}},"76":{"start":{"line":77,"column":0},"end":{"line":77,"column":87}},"78":{"start":{"line":79,"column":0},"end":{"line":79,"column":28}},"79":{"start":{"line":80,"column":0},"end":{"line":80,"column":60}},"80":{"start":{"line":81,"column":0},"end":{"line":81,"column":62}},"82":{"start":{"line":83,"column":0},"end":{"line":83,"column":26}},"83":{"start":{"line":84,"column":0},"end":{"line":84,"column":56}},"84":{"start":{"line":85,"column":0},"end":{"line":85,"column":58}},"85":{"start":{"line":86,"column":0},"end":{"line":86,"column":4}}},"s":{"0":1,"56":1,"58":1,"59":1,"60":1,"61":1,"62":1,"64":1,"65":1,"66":2,"68":1,"69":1,"70":1,"71":1,"72":1,"73":1,"75":1,"76":1,"78":1,"79":1,"80":1,"82":1,"83":1,"84":1,"85":1},"branchMap":{"0":{"type":"branch","line":59,"loc":{"start":{"line":59,"column":44},"end":{"line":86,"column":2}},"locations":[{"start":{"line":59,"column":44},"end":{"line":86,"column":2}}]},"1":{"type":"branch","line":62,"loc":{"start":{"line":62,"column":19},"end":{"line":62,"column":94}},"locations":[{"start":{"line":62,"column":19},"end":{"line":62,"column":94}}]},"2":{"type":"branch","line":63,"loc":{"start":{"line":63,"column":20},"end":{"line":63,"column":60}},"locations":[{"start":{"line":63,"column":20},"end":{"line":63,"column":60}}]},"3":{"type":"branch","line":66,"loc":{"start":{"line":66,"column":15},"end":{"line":67,"column":84}},"locations":[{"start":{"line":66,"column":15},"end":{"line":67,"column":84}}]},"4":{"type":"branch","line":67,"loc":{"start":{"line":67,"column":8},"end":{"line":67,"column":82}},"locations":[{"start":{"line":67,"column":8},"end":{"line":67,"column":82}}]},"5":{"type":"branch","line":67,"loc":{"start":{"line":67,"column":53},"end":{"line":67,"column":72}},"locations":[{"start":{"line":67,"column":53},"end":{"line":67,"column":72}}]},"6":{"type":"branch","line":67,"loc":{"start":{"line":67,"column":63},"end":{"line":67,"column":80}},"locations":[{"start":{"line":67,"column":63},"end":{"line":67,"column":80}}]},"7":{"type":"branch","line":70,"loc":{"start":{"line":70,"column":25},"end":{"line":71,"column":83}},"locations":[{"start":{"line":70,"column":25},"end":{"line":71,"column":83}}]},"8":{"type":"branch","line":71,"loc":{"start":{"line":71,"column":8},"end":{"line":71,"column":81}},"locations":[{"start":{"line":71,"column":8},"end":{"line":71,"column":81}}]},"9":{"type":"branch","line":72,"loc":{"start":{"line":72,"column":19},"end":{"line":73,"column":77}},"locations":[{"start":{"line":72,"column":19},"end":{"line":73,"column":77}}]},"10":{"type":"branch","line":73,"loc":{"start":{"line":73,"column":8},"end":{"line":73,"column":75}},"locations":[{"start":{"line":73,"column":8},"end":{"line":73,"column":75}}]},"11":{"type":"branch","line":74,"loc":{"start":{"line":74,"column":18},"end":{"line":74,"column":61}},"locations":[{"start":{"line":74,"column":18},"end":{"line":74,"column":61}}]},"12":{"type":"branch","line":77,"loc":{"start":{"line":77,"column":13},"end":{"line":77,"column":87}},"locations":[{"start":{"line":77,"column":13},"end":{"line":77,"column":87}}]},"13":{"type":"branch","line":77,"loc":{"start":{"line":77,"column":29},"end":{"line":77,"column":85}},"locations":[{"start":{"line":77,"column":29},"end":{"line":77,"column":85}}]},"14":{"type":"branch","line":80,"loc":{"start":{"line":80,"column":20},"end":{"line":80,"column":60}},"locations":[{"start":{"line":80,"column":20},"end":{"line":80,"column":60}}]},"15":{"type":"branch","line":81,"loc":{"start":{"line":81,"column":21},"end":{"line":81,"column":62}},"locations":[{"start":{"line":81,"column":21},"end":{"line":81,"column":62}}]},"16":{"type":"branch","line":84,"loc":{"start":{"line":84,"column":18},"end":{"line":84,"column":56}},"locations":[{"start":{"line":84,"column":18},"end":{"line":84,"column":56}}]},"17":{"type":"branch","line":85,"loc":{"start":{"line":85,"column":19},"end":{"line":85,"column":58}},"locations":[{"start":{"line":85,"column":19},"end":{"line":85,"column":58}}]}},"b":{"0":[1],"1":[1],"2":[1],"3":[2],"4":[2],"5":[1],"6":[1],"7":[1],"8":[1],"9":[1],"10":[1],"11":[1],"12":[2],"13":[2],"14":[1],"15":[1],"16":[1],"17":[1]},"fnMap":{"0":{"name":"openUploadModal","decl":{"start":{"line":62,"column":19},"end":{"line":62,"column":94}},"loc":{"start":{"line":62,"column":19},"end":{"line":62,"column":94}},"line":62},"1":{"name":"closeUploadModal","decl":{"start":{"line":63,"column":20},"end":{"line":63,"column":60}},"loc":{"start":{"line":63,"column":20},"end":{"line":63,"column":60}},"line":63},"2":{"name":"toggleTheme","decl":{"start":{"line":66,"column":15},"end":{"line":67,"column":84}},"loc":{"start":{"line":66,"column":15},"end":{"line":67,"column":84}},"line":66},"3":{"name":"setQuizSelectedOption","decl":{"start":{"line":70,"column":25},"end":{"line":71,"column":83}},"loc":{"start":{"line":70,"column":25},"end":{"line":71,"column":83}},"line":70},"4":{"name":"setQuizShowHint","decl":{"start":{"line":72,"column":19},"end":{"line":73,"column":77}},"loc":{"start":{"line":72,"column":19},"end":{"line":73,"column":77}},"line":72},"5":{"name":"resetQuizDraft","decl":{"start":{"line":74,"column":18},"end":{"line":74,"column":61}},"loc":{"start":{"line":74,"column":18},"end":{"line":74,"column":61}},"line":74},"6":{"name":"addPoints","decl":{"start":{"line":77,"column":13},"end":{"line":77,"column":87}},"loc":{"start":{"line":77,"column":13},"end":{"line":77,"column":87}},"line":77},"7":{"name":"openProfileModal","decl":{"start":{"line":80,"column":20},"end":{"line":80,"column":60}},"loc":{"start":{"line":80,"column":20},"end":{"line":80,"column":60}},"line":80},"8":{"name":"closeProfileModal","decl":{"start":{"line":81,"column":21},"end":{"line":81,"column":62}},"loc":{"start":{"line":81,"column":21},"end":{"line":81,"column":62}},"line":81},"9":{"name":"openClassModal","decl":{"start":{"line":84,"column":18},"end":{"line":84,"column":56}},"loc":{"start":{"line":84,"column":18},"end":{"line":84,"column":56}},"line":84},"10":{"name":"closeClassModal","decl":{"start":{"line":85,"column":19},"end":{"line":85,"column":58}},"loc":{"start":{"line":85,"column":19},"end":{"line":85,"column":58}},"line":85}},"f":{"0":1,"1":1,"2":2,"3":1,"4":1,"5":1,"6":2,"7":1,"8":1,"9":1,"10":1}}
}
