TN:
SF:server\data.ts
FN:50,delay
FN:203,getChapterProgress
FN:208,getStudentsNeedingHelp
FN:216,getClassSummary
FN:226,getAiContent
FN:240,getQuestionsByLevel
FN:261,getMaterials
FN:269,saveMaterial
FN:291,buildClassReportCsv
FN:363,verifyUserCredentials
FN:384,registerUserAccount
FN:417,getUserProfileByRole
FN:441,updateUserProfile
FN:522,getClassRooms
FN:527,createClassRoom
FN:547,deleteClassRoom
FN:597,getNotifications
FN:602,markNotificationAsRead
FN:611,buildClassReportHtml
FNF:19
FNH:19
FNDA:64,delay
FNDA:7,getChapterProgress
FNDA:6,getStudentsNeedingHelp
FNDA:6,getClassSummary
FNDA:7,getAiContent
FNDA:8,getQuestionsByLevel
FNDA:1,getMaterials
FNDA:3,saveMaterial
FNDA:2,buildClassReportCsv
FNDA:9,verifyUserCredentials
FNDA:5,registerUserAccount
FNDA:1,getUserProfileByRole
FNDA:1,updateUserProfile
FNDA:1,getClassRooms
FNDA:1,createClassRoom
FNDA:2,deleteClassRoom
FNDA:1,getNotifications
FNDA:1,markNotificationAsRead
FNDA:2,buildClassReportHtml
DA:1,1
DA:49,1
DA:50,1
DA:51,64
DA:56,1
DA:57,1
DA:58,1
DA:59,1
DA:60,1
DA:62,1
DA:63,1
DA:64,1
DA:65,1
DA:67,1
DA:68,1
DA:69,1
DA:70,1
DA:71,1
DA:72,1
DA:73,1
DA:74,1
DA:75,1
DA:76,1
DA:77,1
DA:78,1
DA:79,1
DA:80,1
DA:81,1
DA:82,1
DA:83,1
DA:84,1
DA:85,1
DA:86,1
DA:87,1
DA:88,1
DA:89,1
DA:90,1
DA:91,1
DA:92,1
DA:93,1
DA:94,1
DA:95,1
DA:96,1
DA:97,1
DA:98,1
DA:99,1
DA:100,1
DA:101,1
DA:102,1
DA:103,1
DA:104,1
DA:105,1
DA:106,1
DA:107,1
DA:108,1
DA:109,1
DA:110,1
DA:111,1
DA:112,1
DA:113,1
DA:114,1
DA:115,1
DA:116,1
DA:117,1
DA:118,1
DA:119,1
DA:120,1
DA:121,1
DA:122,1
DA:123,1
DA:124,1
DA:125,1
DA:126,1
DA:127,1
DA:128,1
DA:129,1
DA:130,1
DA:131,1
DA:132,1
DA:133,1
DA:134,1
DA:135,1
DA:136,1
DA:137,1
DA:138,1
DA:139,1
DA:140,1
DA:141,1
DA:142,1
DA:143,1
DA:144,1
DA:145,1
DA:146,1
DA:147,1
DA:148,1
DA:149,1
DA:150,1
DA:151,1
DA:152,1
DA:153,1
DA:154,1
DA:155,1
DA:156,1
DA:157,1
DA:158,1
DA:159,1
DA:160,1
DA:161,1
DA:162,1
DA:163,1
DA:164,1
DA:165,1
DA:166,1
DA:167,1
DA:169,1
DA:170,1
DA:171,30
DA:172,30
DA:173,30
DA:174,30
DA:175,30
DA:176,30
DA:177,30
DA:178,30
DA:179,30
DA:180,30
DA:181,1
DA:182,1
DA:183,30
DA:184,30
DA:185,30
DA:186,30
DA:187,30
DA:188,1
DA:189,1
DA:190,30
DA:191,30
DA:192,30
DA:193,30
DA:194,30
DA:195,30
DA:196,30
DA:197,30
DA:198,30
DA:199,30
DA:200,1
DA:201,1
DA:203,7
DA:204,7
DA:205,7
DA:206,7
DA:208,6
DA:209,6
DA:210,6
DA:211,6
DA:216,6
DA:217,6
DA:218,6
DA:219,6
DA:220,6
DA:221,6
DA:222,6
DA:223,6
DA:224,6
DA:226,7
DA:227,7
DA:228,7
DA:229,7
DA:230,0
DA:231,0
DA:234,7
DA:235,0
DA:236,0
DA:237,7
DA:238,7
DA:240,8
DA:241,8
DA:242,8
DA:243,8
DA:244,1
DA:245,1
DA:246,7
DA:247,7
DA:259,1
DA:261,1
DA:262,1
DA:263,1
DA:264,0
DA:265,0
DA:266,1
DA:267,1
DA:269,3
DA:274,3
DA:275,3
DA:276,3
DA:277,0
DA:278,0
DA:279,3
DA:280,3
DA:281,3
DA:282,3
DA:283,3
DA:284,3
DA:285,3
DA:286,3
DA:287,3
DA:288,3
DA:289,3
DA:291,2
DA:292,2
DA:293,2
DA:294,2
DA:295,2
DA:297,2
DA:298,2
DA:299,2
DA:300,2
DA:301,2
DA:302,2
DA:303,2
DA:304,2
DA:305,2
DA:306,2
DA:307,2
DA:308,2
DA:309,2
DA:310,2
DA:311,2
DA:312,2
DA:313,2
DA:315,2
DA:316,2
DA:317,2
DA:319,2
DA:320,2
DA:333,1
DA:334,1
DA:335,1
DA:336,1
DA:337,1
DA:338,1
DA:339,1
DA:340,1
DA:341,1
DA:342,1
DA:343,1
DA:344,1
DA:345,1
DA:346,1
DA:347,1
DA:348,1
DA:349,1
DA:350,1
DA:351,1
DA:352,1
DA:353,1
DA:354,1
DA:355,1
DA:356,1
DA:357,1
DA:358,1
DA:359,1
DA:360,1
DA:361,1
DA:363,9
DA:364,9
DA:365,9
DA:366,9
DA:367,9
DA:368,3
DA:369,3
DA:370,6
DA:371,9
DA:372,3
DA:373,3
DA:374,3
DA:375,3
DA:376,3
DA:377,3
DA:378,3
DA:379,3
DA:380,3
DA:381,3
DA:382,3
DA:384,5
DA:389,5
DA:390,5
DA:391,5
DA:392,5
DA:393,5
DA:394,3
DA:395,3
DA:397,2
DA:398,2
DA:399,2
DA:400,2
DA:401,2
DA:402,2
DA:403,5
DA:404,5
DA:405,5
DA:406,5
DA:407,5
DA:408,5
DA:409,5
DA:410,5
DA:411,5
DA:412,5
DA:413,5
DA:414,5
DA:415,5
DA:417,1
DA:418,1
DA:419,1
DA:420,1
DA:421,0
DA:422,0
DA:423,0
DA:424,0
DA:425,0
DA:426,0
DA:427,0
DA:428,0
DA:429,0
DA:430,0
DA:431,1
DA:432,1
DA:433,1
DA:434,1
DA:435,1
DA:436,1
DA:437,1
DA:438,1
DA:439,1
DA:441,1
DA:442,1
DA:443,1
DA:450,1
DA:451,1
DA:452,1
DA:453,1
DA:454,0
DA:455,0
DA:456,0
DA:457,0
DA:458,0
DA:459,0
DA:460,0
DA:461,0
DA:462,0
DA:463,0
DA:464,1
DA:465,1
DA:466,1
DA:467,1
DA:468,1
DA:469,1
DA:470,1
DA:471,1
DA:472,1
DA:473,1
DA:474,1
DA:475,1
DA:476,1
DA:477,1
DA:478,1
DA:479,1
DA:492,1
DA:493,1
DA:494,1
DA:495,1
DA:496,1
DA:497,1
DA:498,1
DA:499,1
DA:500,1
DA:501,1
DA:502,1
DA:503,1
DA:504,1
DA:505,1
DA:506,1
DA:507,1
DA:508,1
DA:509,1
DA:510,1
DA:511,1
DA:512,1
DA:513,1
DA:514,1
DA:515,1
DA:516,1
DA:517,1
DA:518,1
DA:519,1
DA:520,1
DA:522,1
DA:523,1
DA:524,1
DA:525,1
DA:527,1
DA:532,1
DA:533,1
DA:534,1
DA:535,1
DA:536,1
DA:537,1
DA:538,1
DA:539,1
DA:540,1
DA:541,1
DA:542,1
DA:543,1
DA:544,1
DA:545,1
DA:547,2
DA:548,2
DA:549,2
DA:550,2
DA:551,1
DA:552,1
DA:553,1
DA:566,1
DA:567,1
DA:568,1
DA:569,1
DA:570,1
DA:571,1
DA:572,1
DA:573,1
DA:574,1
DA:575,1
DA:576,1
DA:577,1
DA:578,1
DA:579,1
DA:580,1
DA:581,1
DA:582,1
DA:583,1
DA:584,1
DA:585,1
DA:586,1
DA:587,1
DA:588,1
DA:589,1
DA:590,1
DA:591,1
DA:592,1
DA:593,1
DA:594,1
DA:595,1
DA:597,1
DA:598,1
DA:599,1
DA:600,1
DA:602,1
DA:603,1
DA:604,1
DA:605,1
DA:606,1
DA:607,1
DA:608,1
DA:611,2
DA:612,2
DA:613,2
DA:614,2
DA:615,2
DA:616,2
DA:617,2
DA:618,2
DA:619,2
DA:620,2
DA:621,2
DA:623,2
DA:730,2
DA:747,2
DA:753,2
DA:759,2
DA:765,2
DA:783,2
DA:784,2
DA:785,2
DA:787,6
DA:788,6
DA:789,6
DA:790,6
DA:792,2
DA:793,2
DA:809,2
DA:810,2
DA:811,2
DA:813,4
DA:814,4
DA:815,4
DA:816,4
DA:819,2
DA:820,2
DA:831,2
DA:839,2
DA:840,2
DA:841,2
DA:842,2
DA:843,2
LF:504
LH:476
BRDA:49,0,0,0
BRDA:50,1,0,64
BRDA:51,2,0,0
BRDA:170,3,0,30
BRDA:182,4,0,30
BRDA:189,5,0,30
BRDA:203,6,0,7
BRDA:208,7,0,6
BRDA:216,8,0,6
BRDA:226,9,0,7
BRDA:229,10,0,0
BRDA:234,11,0,0
BRDA:234,12,0,0
BRDA:240,13,0,8
BRDA:243,14,0,1
BRDA:245,15,0,7
BRDA:261,16,0,1
BRDA:263,17,0,0
BRDA:263,18,0,0
BRDA:269,19,0,3
BRDA:276,20,0,0
BRDA:276,21,0,0
BRDA:291,22,0,2
BRDA:309,23,0,6
BRDA:313,24,0,4
BRDA:316,25,0,38
BRDA:316,26,0,62
BRDA:363,27,0,9
BRDA:367,28,0,3
BRDA:369,29,0,6
BRDA:371,30,0,3
BRDA:366,31,0,23
BRDA:384,32,0,5
BRDA:393,33,0,3
BRDA:395,34,0,2
BRDA:403,35,0,0
BRDA:392,36,0,12
BRDA:417,37,0,1
BRDA:420,38,0,0
BRDA:419,39,0,3
BRDA:441,40,0,1
BRDA:453,41,0,0
BRDA:467,42,0,0
BRDA:468,43,0,0
BRDA:469,44,0,0
BRDA:452,45,0,1
BRDA:522,46,0,1
BRDA:527,47,0,1
BRDA:538,48,0,0
BRDA:539,49,0,0
BRDA:547,50,0,2
BRDA:550,51,0,1
BRDA:549,52,0,4
BRDA:597,53,0,1
BRDA:602,54,0,1
BRDA:605,55,0,0
BRDA:604,56,0,1
BRDA:611,57,0,2
BRDA:785,58,0,6
BRDA:790,59,0,4
BRDA:790,60,0,2
BRDA:811,61,0,4
BRF:62
BRH:44
end_of_record
TN:
SF:server\index.ts
FNF:0
FNH:0
DA:1,1
DA:25,1
DA:26,1
DA:27,1
DA:28,1
DA:34,1
DA:55,1
DA:56,1
DA:58,1
DA:59,1
DA:60,1
DA:62,1
DA:63,1
DA:64,1
DA:68,1
DA:69,35
DA:70,35
DA:71,35
DA:73,1
DA:77,1
DA:78,5
DA:81,5
DA:82,3
DA:83,3
DA:84,1
DA:85,1
DA:86,1
DA:87,1
DA:88,1
DA:89,1
DA:90,1
DA:91,3
DA:92,2
DA:93,2
DA:94,2
DA:95,3
DA:98,5
DA:99,1
DA:100,1
DA:101,1
DA:102,1
DA:103,1
DA:104,1
DA:105,1
DA:106,1
DA:107,1
DA:108,1
DA:111,1
DA:112,3
DA:113,3
DA:114,1
DA:115,1
DA:116,1
DA:117,1
DA:119,2
DA:120,2
DA:121,1
DA:122,1
DA:123,1
DA:124,1
DA:125,1
DA:126,1
DA:127,1
DA:128,1
DA:129,1
DA:130,1
DA:131,1
DA:132,3
DA:134,1
DA:135,1
DA:136,1
DA:137,1
DA:140,1
DA:141,3
DA:142,3
DA:143,2
DA:144,2
DA:145,1
DA:146,1
DA:149,1
DA:150,1
DA:151,1
DA:152,1
DA:153,1
DA:154,1
DA:156,1
DA:157,2
DA:158,2
DA:159,2
DA:160,2
DA:161,1
DA:162,1
DA:163,1
DA:164,1
DA:165,1
DA:166,1
DA:167,1
DA:168,2
DA:169,0
DA:170,0
DA:171,0
DA:172,2
DA:175,1
DA:176,1
DA:177,1
DA:178,1
DA:180,1
DA:181,2
DA:182,2
DA:183,1
DA:184,1
DA:185,1
DA:186,1
DA:187,1
DA:188,1
DA:189,1
DA:190,2
DA:191,0
DA:192,0
DA:193,0
DA:194,2
DA:196,1
DA:197,2
DA:198,2
DA:199,2
DA:200,1
DA:201,1
DA:202,1
DA:203,1
DA:206,1
DA:207,1
DA:208,1
DA:209,1
DA:211,1
DA:212,1
DA:213,1
DA:214,1
DA:215,1
DA:219,1
DA:220,1
DA:221,1
DA:222,1
DA:224,1
DA:225,1
DA:226,1
DA:227,1
DA:229,1
DA:230,1
DA:231,1
DA:232,1
DA:235,1
DA:236,2
DA:237,2
DA:238,2
DA:239,1
DA:240,1
DA:241,1
DA:242,1
DA:243,1
DA:244,1
DA:245,1
DA:246,1
DA:247,1
DA:248,1
DA:249,1
DA:250,1
DA:251,2
DA:252,0
DA:253,0
DA:254,0
DA:255,2
DA:259,1
DA:260,1
DA:261,1
DA:262,1
DA:263,1
DA:264,1
DA:265,1
DA:266,0
DA:267,0
DA:268,0
DA:269,1
DA:273,1
DA:274,4
DA:275,4
DA:276,4
DA:277,3
DA:278,4
DA:279,1
DA:280,1
DA:281,1
DA:282,4
DA:286,1
DA:287,1
DA:288,1
DA:289,1
DA:290,1
DA:291,0
DA:292,0
DA:293,0
DA:294,1
DA:296,1
DA:297,2
DA:298,2
DA:299,1
DA:300,1
DA:302,1
DA:303,1
DA:304,1
DA:305,2
DA:306,0
DA:307,0
DA:308,0
DA:309,2
DA:311,1
DA:314,1
DA:315,0
DA:316,0
DA:320,0
DA:321,0
DA:322,0
DA:323,0
DA:325,1
DA:326,0
DA:327,0
DA:328,0
DA:329,0
DA:330,0
DA:331,0
DA:332,0
DA:333,0
DA:334,0
DA:336,1
LF:233
LH:200
BRDA:314,0,0,0
BRDA:325,1,0,0
BRDA:325,2,0,0
BRDA:68,3,0,35
BRDA:77,4,0,5
BRDA:78,5,0,0
BRDA:81,6,0,3
BRDA:81,7,0,3
BRDA:83,8,0,1
BRDA:91,9,0,2
BRDA:92,10,0,0
BRDA:95,11,0,2
BRDA:98,12,0,1
BRDA:111,13,0,3
BRDA:113,14,0,1
BRDA:116,15,0,0
BRDA:117,16,0,2
BRDA:120,17,0,1
BRDA:129,18,0,0
BRDA:134,19,0,1
BRDA:140,20,0,3
BRDA:142,21,0,2
BRDA:144,22,0,1
BRDA:149,23,0,1
BRDA:151,24,0,0
BRDA:156,25,0,2
BRDA:158,26,0,1
BRDA:158,27,0,1
BRDA:160,28,0,1
BRDA:163,29,0,0
BRDA:168,30,0,0
BRDA:175,31,0,1
BRDA:180,32,0,2
BRDA:182,33,0,1
BRDA:185,34,0,0
BRDA:190,35,0,0
BRDA:196,36,0,2
BRDA:199,37,0,1
BRDA:206,38,0,1
BRDA:211,39,0,1
BRDA:219,40,0,1
BRDA:224,41,0,1
BRDA:229,42,0,1
BRDA:235,43,0,2
BRDA:236,44,0,0
BRDA:238,45,0,1
BRDA:238,46,0,1
BRDA:251,47,0,0
BRDA:259,48,0,1
BRDA:260,49,0,0
BRDA:261,50,0,0
BRDA:265,51,0,0
BRDA:273,52,0,4
BRDA:274,53,0,0
BRDA:276,54,0,3
BRDA:278,55,0,1
BRDA:279,56,0,0
BRDA:286,57,0,1
BRDA:290,58,0,0
BRDA:296,59,0,2
BRDA:298,60,0,1
BRDA:299,61,0,0
BRDA:305,62,0,0
BRF:63
BRH:41
end_of_record
TN:
SF:server\session.ts
FN:12,isValidRole
FNF:1
FNH:1
FNDA:14,isValidRole
DA:8,1
DA:12,1
DA:13,14
DA:14,14
LF:4
LH:4
BRDA:12,0,0,14
BRDA:13,1,0,11
BRF:2
BRH:2
end_of_record
TN:
SF:shared\catalog.ts
FNF:0
FNH:0
DA:12,1
DA:13,1
DA:14,1
DA:15,1
DA:16,1
DA:18,1
DA:19,1
DA:20,1
DA:21,1
DA:22,1
DA:23,1
LF:11
LH:11
BRF:0
BRH:0
end_of_record
TN:
SF:shared\schema.ts
FN:141,isInstitutionalEmail
FNF:1
FNH:1
FNDA:8,isInstitutionalEmail
DA:1,1
DA:22,1
DA:23,1
DA:24,1
DA:25,1
DA:26,1
DA:27,1
DA:28,1
DA:29,1
DA:33,1
DA:34,1
DA:35,1
DA:36,1
DA:37,1
DA:48,1
DA:49,1
DA:50,1
DA:51,1
DA:52,1
DA:53,1
DA:54,1
DA:57,1
DA:58,1
DA:59,1
DA:60,1
DA:64,1
DA:65,1
DA:66,1
DA:67,1
DA:68,1
DA:69,1
DA:70,1
DA:71,1
DA:74,1
DA:76,1
DA:77,1
DA:78,1
DA:82,1
DA:83,1
DA:84,1
DA:85,1
DA:86,1
DA:87,1
DA:91,1
DA:92,1
DA:93,1
DA:94,1
DA:95,1
DA:96,1
DA:98,1
DA:101,1
DA:102,1
DA:103,1
DA:104,1
DA:105,1
DA:106,1
DA:107,1
DA:109,1
DA:112,1
DA:113,1
DA:114,1
DA:115,1
DA:119,1
DA:122,1
DA:123,1
DA:124,1
DA:125,1
DA:129,1
DA:130,1
DA:131,1
DA:132,1
DA:133,1
DA:134,1
DA:141,1
DA:142,8
DA:143,8
DA:144,8
DA:145,8
DA:146,4
DA:147,3
DA:148,3
DA:150,8
DA:153,1
DA:154,1
DA:155,1
DA:156,1
DA:157,1
DA:158,1
DA:159,1
DA:160,1
DA:163,1
DA:164,1
DA:165,1
DA:166,1
DA:167,1
DA:168,1
DA:169,1
DA:173,1
DA:174,1
DA:175,1
DA:176,1
DA:177,1
DA:178,1
DA:179,1
DA:180,1
DA:181,1
DA:183,1
DA:185,1
DA:186,1
DA:187,1
DA:188,1
DA:189,1
DA:190,1
DA:194,1
DA:195,1
DA:196,1
DA:197,1
DA:198,1
DA:199,1
DA:200,1
DA:201,1
DA:202,1
DA:204,1
LF:123
LH:123
BRDA:27,0,0,6
BRDA:141,1,0,8
BRDA:142,2,0,7
BRDA:142,3,0,1
BRDA:142,4,0,7
BRDA:143,5,0,0
BRDA:145,6,0,4
BRDA:146,7,0,3
BRDA:147,8,0,3
BRF:9
BRH:8
end_of_record
TN:
SF:src\lib\utils.ts
FN:8,cn
FNF:1
FNH:1
FNDA:2,cn
DA:1,1
DA:8,1
DA:9,2
DA:10,2
LF:4
LH:4
BRDA:8,0,0,2
BRF:1
BRH:1
end_of_record
TN:
SF:src\lib\api\classApi.ts
FN:27,fetchClassSummary
FN:34,fetchChapterProgress
FN:41,fetchStudentsNeedingHelp
FN:48,fetchAiContent
FN:58,exportClassReportUrl
FN:62,fetchClasses
FN:69,createClass
FN:80,deleteClass
FN:87,fetchNotifications
FN:94,markNotificationRead
FNF:10
FNH:10
FNDA:2,fetchClassSummary
FNDA:2,fetchChapterProgress
FNDA:2,fetchStudentsNeedingHelp
FNDA:2,fetchAiContent
FNDA:1,exportClassReportUrl
FNDA:2,fetchClasses
FNDA:2,createClass
FNDA:2,deleteClass
FNDA:2,fetchNotifications
FNDA:1,markNotificationRead
DA:1,1
DA:27,2
DA:28,2
DA:29,2
DA:30,2
DA:31,1
DA:32,1
DA:34,2
DA:35,2
DA:36,2
DA:37,2
DA:38,1
DA:39,1
DA:41,2
DA:42,2
DA:43,2
DA:44,2
DA:45,1
DA:46,1
DA:48,2
DA:49,2
DA:50,2
DA:51,2
DA:52,2
DA:53,1
DA:54,1
DA:55,1
DA:56,1
DA:58,1
DA:59,1
DA:60,1
DA:62,2
DA:63,2
DA:64,2
DA:65,2
DA:66,1
DA:67,1
DA:69,2
DA:70,2
DA:71,2
DA:72,2
DA:73,2
DA:74,2
DA:75,2
DA:76,2
DA:77,1
DA:78,1
DA:80,2
DA:81,2
DA:82,2
DA:83,2
DA:84,1
DA:85,1
DA:87,2
DA:88,2
DA:89,2
DA:90,2
DA:91,1
DA:92,1
DA:94,1
DA:95,1
DA:96,1
DA:97,1
LF:63
LH:63
BRDA:27,0,0,2
BRDA:30,1,0,1
BRDA:34,2,0,2
BRDA:37,3,0,1
BRDA:41,4,0,2
BRDA:44,5,0,1
BRDA:48,6,0,2
BRDA:52,7,0,1
BRDA:53,8,0,0
BRDA:58,9,0,1
BRDA:62,10,0,2
BRDA:65,11,0,1
BRDA:69,12,0,2
BRDA:76,13,0,1
BRDA:76,14,0,0
BRDA:80,15,0,2
BRDA:83,16,0,1
BRDA:83,17,0,0
BRDA:87,18,0,2
BRDA:90,19,0,1
BRDA:94,20,0,1
BRF:21
BRH:18
end_of_record
TN:
SF:src\lib\api\materialsApi.ts
FN:14,fetchMaterials
FN:24,createMaterial
FNF:2
FNH:2
FNDA:2,fetchMaterials
FNDA:2,createMaterial
DA:1,1
DA:12,1
DA:14,2
DA:15,2
DA:16,2
DA:17,1
DA:18,1
DA:19,1
DA:20,1
DA:21,1
DA:22,1
DA:24,2
DA:25,2
DA:27,2
DA:28,2
DA:29,2
DA:30,2
DA:31,2
DA:33,2
DA:34,2
DA:35,1
DA:36,1
DA:37,1
DA:38,1
LF:24
LH:24
BRDA:14,0,0,2
BRDA:16,1,0,1
BRDA:18,2,0,0
BRDA:24,3,0,2
BRDA:34,4,0,1
BRDA:35,5,0,0
BRF:6
BRH:4
end_of_record
TN:
SF:src\lib\api\quizApi.ts
FN:5,fetchQuestionsByLevel
FNF:1
FNH:1
FNDA:2,fetchQuestionsByLevel
DA:1,1
DA:5,2
DA:6,2
DA:7,2
DA:9,2
DA:10,1
DA:11,1
DA:13,1
DA:14,1
DA:15,1
LF:10
LH:10
BRDA:5,0,0,2
BRDA:9,1,0,1
BRDA:10,2,0,0
BRF:3
BRH:2
end_of_record
TN:
SF:src\lib\api\sessionApi.ts
FN:18,fetchSession
FN:28,login
FN:42,register
FN:56,logout
FN:60,fetchProfile
FN:69,updateProfile
FNF:6
FNH:6
FNDA:1,fetchSession
FNDA:2,login
FNDA:2,register
FNDA:1,logout
FNDA:2,fetchProfile
FNDA:2,updateProfile
DA:1,1
DA:18,1
DA:19,1
DA:20,1
DA:21,1
DA:22,1
DA:28,2
DA:29,2
DA:30,2
DA:31,2
DA:32,2
DA:33,2
DA:34,2
DA:35,2
DA:36,2
DA:37,1
DA:38,1
DA:39,1
DA:40,1
DA:42,2
DA:43,2
DA:44,2
DA:45,2
DA:46,2
DA:47,2
DA:48,2
DA:49,2
DA:50,2
DA:51,1
DA:52,1
DA:53,1
DA:54,1
DA:56,1
DA:57,1
DA:58,1
DA:60,2
DA:61,2
DA:62,2
DA:63,2
DA:64,1
DA:65,1
DA:66,1
DA:67,1
DA:69,2
DA:70,2
DA:71,2
DA:72,2
DA:73,2
DA:74,2
DA:75,2
DA:76,2
DA:77,2
DA:78,1
DA:79,1
DA:80,1
DA:81,1
LF:56
LH:56
BRDA:18,0,0,1
BRDA:28,1,0,2
BRDA:36,2,0,1
BRDA:37,3,0,0
BRDA:42,4,0,2
BRDA:50,5,0,1
BRDA:51,6,0,0
BRDA:56,7,0,1
BRDA:60,8,0,2
BRDA:63,9,0,1
BRDA:69,10,0,2
BRDA:77,11,0,1
BRDA:78,12,0,0
BRF:13
BRH:10
end_of_record
TN:
SF:src\lib\store\useUIStore.ts
FN:62,openUploadModal
FN:63,closeUploadModal
FN:66,toggleTheme
FN:70,setQuizSelectedOption
FN:72,setQuizShowHint
FN:74,resetQuizDraft
FN:77,addPoints
FN:80,openProfileModal
FN:81,closeProfileModal
FN:84,openClassModal
FN:85,closeClassModal
FNF:11
FNH:11
FNDA:1,openUploadModal
FNDA:1,closeUploadModal
FNDA:2,toggleTheme
FNDA:1,setQuizSelectedOption
FNDA:1,setQuizShowHint
FNDA:1,resetQuizDraft
FNDA:2,addPoints
FNDA:1,openProfileModal
FNDA:1,closeProfileModal
FNDA:1,openClassModal
FNDA:1,closeClassModal
DA:1,1
DA:57,1
DA:59,1
DA:60,1
DA:61,1
DA:62,1
DA:63,1
DA:65,1
DA:66,1
DA:67,2
DA:69,1
DA:70,1
DA:71,1
DA:72,1
DA:73,1
DA:74,1
DA:76,1
DA:77,1
DA:79,1
DA:80,1
DA:81,1
DA:83,1
DA:84,1
DA:85,1
DA:86,1
LF:25
LH:25
BRDA:59,0,0,1
BRDA:62,1,0,1
BRDA:63,2,0,1
BRDA:66,3,0,2
BRDA:67,4,0,2
BRDA:67,5,0,1
BRDA:67,6,0,1
BRDA:70,7,0,1
BRDA:71,8,0,1
BRDA:72,9,0,1
BRDA:73,10,0,1
BRDA:74,11,0,1
BRDA:77,12,0,2
BRDA:77,13,0,2
BRDA:80,14,0,1
BRDA:81,15,0,1
BRDA:84,16,0,1
BRDA:85,17,0,1
BRF:18
BRH:18
end_of_record
